<?xml version="1.0" encoding="UTF-8"?>
<robot generator="Robot 7.1 (Python 3.12.4 on win32)" generated="2024-11-19T08:12:32.735297" rpa="false" schemaversion="5">
<suite id="s1" name="TestDeshydratation" source="C:\Users\EZWAY\Desktop\Nouveau dossier\PycharmProjects\pythonProject1\Test\Deshydratation\TestDeshydratation.robot">
<test id="s1-t1" name="Login et navigation vers Déshydratation" line="36">
<kw name="Open Browser With Options">
<kw name="Evaluate" owner="BuiltIn">
<msg time="2024-11-19T08:12:33.425376" level="INFO">${options} = &lt;selenium.webdriver.chrome.options.Options object at 0x000001C9A3781760&gt;</msg>
<var>${options}</var>
<arg>sys.modules['selenium.webdriver'].ChromeOptions()</arg>
<arg>sys, selenium.webdriver</arg>
<doc>Evaluates the given expression in Python and returns the result.</doc>
<status status="PASS" start="2024-11-19T08:12:33.425376" elapsed="0.002986"/>
</kw>
<kw name="Call Method" owner="BuiltIn">
<arg>${options}</arg>
<arg>add_argument</arg>
<arg>--no-first-run</arg>
<doc>Calls the named method of the given object with the provided arguments.</doc>
<status status="PASS" start="2024-11-19T08:12:33.428362" elapsed="0.000000"/>
</kw>
<kw name="Call Method" owner="BuiltIn">
<arg>${options}</arg>
<arg>add_argument</arg>
<arg>--no-default-browser-check</arg>
<doc>Calls the named method of the given object with the provided arguments.</doc>
<status status="PASS" start="2024-11-19T08:12:33.428362" elapsed="0.001001"/>
</kw>
<kw name="Call Method" owner="BuiltIn">
<arg>${options}</arg>
<arg>add_argument</arg>
<arg>--disable-default-apps</arg>
<doc>Calls the named method of the given object with the provided arguments.</doc>
<status status="PASS" start="2024-11-19T08:12:33.429363" elapsed="0.000000"/>
</kw>
<kw name="Call Method" owner="BuiltIn">
<arg>${options}</arg>
<arg>add_argument</arg>
<arg>--disable-popup-blocking</arg>
<doc>Calls the named method of the given object with the provided arguments.</doc>
<status status="PASS" start="2024-11-19T08:12:33.429363" elapsed="0.000000"/>
</kw>
<kw name="Evaluate" owner="BuiltIn">
<msg time="2024-11-19T08:12:33.430360" level="INFO">${prefs} = {'profile.default_content_setting_values.geolocation': 1, 'profile.default_content_setting_values.notifications': 2}</msg>
<var>${prefs}</var>
<arg>{'profile.default_content_setting_values.geolocation': 1, 'profile.default_content_setting_values.notifications': 2}</arg>
<doc>Evaluates the given expression in Python and returns the result.</doc>
<status status="PASS" start="2024-11-19T08:12:33.429363" elapsed="0.000997"/>
</kw>
<kw name="Call Method" owner="BuiltIn">
<arg>${options}</arg>
<arg>add_experimental_option</arg>
<arg>prefs</arg>
<arg>${prefs}</arg>
<doc>Calls the named method of the given object with the provided arguments.</doc>
<status status="PASS" start="2024-11-19T08:12:33.430360" elapsed="0.000000"/>
</kw>
<kw name="Create Webdriver" owner="SeleniumLibrary">
<msg time="2024-11-19T08:12:33.431357" level="INFO">Creating an instance of the Chrome WebDriver.</msg>
<msg time="2024-11-19T08:12:33.764667" level="WARN">The chromedriver version (130.0.6723.69) detected in PATH at C:\Users\EZWAY\PycharmProjects\Déshydratation_PRIOS\chromedriver-win64 (1)\chromedriver.exe might not be compatible with the detected chrome version (131.0.6778.70); currently, chromedriver 131.0.6778.69 is recommended for chrome 131.*, so it is advised to delete the driver in PATH and retry</msg>
<arg>Chrome</arg>
<arg>options=${options}</arg>
<doc>Creates an instance of Selenium WebDriver.</doc>
<status status="PASS" start="2024-11-19T08:12:33.430360" elapsed="1.502413"/>
</kw>
<kw name="Go To" owner="SeleniumLibrary">
<msg time="2024-11-19T08:12:34.932773" level="INFO">Opening url 'http://portail-rec-0072.cloud-prios.fr'</msg>
<arg>${url}</arg>
<doc>Navigates the current browser window to the provided ``url``.</doc>
<status status="PASS" start="2024-11-19T08:12:34.932773" elapsed="3.240005"/>
</kw>
<kw name="Maximize Browser Window" owner="SeleniumLibrary">
<doc>Maximizes current browser window.</doc>
<status status="PASS" start="2024-11-19T08:12:38.173787" elapsed="0.028891"/>
</kw>
<arg>${BASE_URL}</arg>
<status status="PASS" start="2024-11-19T08:12:33.424383" elapsed="4.778295"/>
</kw>
<kw name="Enter Email" owner="AuthentificationDeshy">
<kw name="Wait Until Element Is Visible" owner="SeleniumLibrary">
<arg>xpath=//*[@id="i0116"]</arg>
<doc>Waits until the element ``locator`` is visible.</doc>
<status status="PASS" start="2024-11-19T08:12:38.203674" elapsed="0.456227"/>
</kw>
<kw name="Input Text" owner="SeleniumLibrary">
<msg time="2024-11-19T08:12:38.660899" level="INFO">Typing text 'prios.support@deshyouest.fr' into text field 'xpath=//*[@id="i0116"]'.</msg>
<arg>xpath=//*[@id="i0116"]</arg>
<arg>${USERNAME}</arg>
<doc>Types the given ``text`` into the text field identified by ``locator``.</doc>
<status status="PASS" start="2024-11-19T08:12:38.660899" elapsed="0.161465"/>
</kw>
<arg>${USERNAME}</arg>
<status status="PASS" start="2024-11-19T08:12:38.202678" elapsed="0.620710"/>
</kw>
<kw name="Click Submit Button" owner="AuthentificationDeshy">
<kw name="Click Button" owner="SeleniumLibrary">
<msg time="2024-11-19T08:12:38.825357" level="INFO">Clicking button 'xpath=//*[@id="idSIButton9"]'.</msg>
<arg>xpath=//*[@id="idSIButton9"]</arg>
<doc>Clicks the button identified by ``locator``.</doc>
<status status="PASS" start="2024-11-19T08:12:38.824367" elapsed="0.062586"/>
</kw>
<status status="PASS" start="2024-11-19T08:12:38.823388" elapsed="0.064559"/>
</kw>
<kw name="Enter Password" owner="AuthentificationDeshy">
<kw name="Wait Until Element Is Visible" owner="SeleniumLibrary">
<arg>xpath=//*[@id="i0118"]</arg>
<doc>Waits until the element ``locator`` is visible.</doc>
<status status="PASS" start="2024-11-19T08:12:38.888946" elapsed="0.905386"/>
</kw>
<kw name="Input Text" owner="SeleniumLibrary">
<msg time="2024-11-19T08:12:39.794332" level="INFO">Typing text 'Pr10s44@' into text field 'xpath=//*[@id="i0118"]'.</msg>
<arg>xpath=//*[@id="i0118"]</arg>
<arg>${PASSWORD}</arg>
<doc>Types the given ``text`` into the text field identified by ``locator``.</doc>
<status status="PASS" start="2024-11-19T08:12:39.794332" elapsed="0.071311"/>
</kw>
<arg>${PASSWORD}</arg>
<status status="PASS" start="2024-11-19T08:12:38.887947" elapsed="0.977696"/>
</kw>
<kw name="Click Login Button" owner="AuthentificationDeshy">
<kw name="Click Button" owner="SeleniumLibrary">
<msg time="2024-11-19T08:12:39.866643" level="INFO">Clicking button 'xpath=//*[@id="idSIButton9"]'.</msg>
<arg>xpath=//*[@id="idSIButton9"]</arg>
<doc>Clicks the button identified by ``locator``.</doc>
<status status="PASS" start="2024-11-19T08:12:39.866643" elapsed="0.378523"/>
</kw>
<status status="PASS" start="2024-11-19T08:12:39.866643" elapsed="0.378523"/>
</kw>
<kw name="Click Button2" owner="AuthentificationDeshy">
<kw name="Wait Until Element Is Visible" owner="SeleniumLibrary">
<arg>xpath=//*[@id="idSIButton9"]</arg>
<doc>Waits until the element ``locator`` is visible.</doc>
<status status="PASS" start="2024-11-19T08:12:40.246162" elapsed="0.625617"/>
</kw>
<kw name="Click Element" owner="SeleniumLibrary">
<msg time="2024-11-19T08:12:40.871779" level="INFO">Clicking element 'xpath=//*[@id="idSIButton9"]'.</msg>
<arg>xpath=//*[@id="idSIButton9"]</arg>
<doc>Click the element identified by ``locator``.</doc>
<status status="PASS" start="2024-11-19T08:12:40.871779" elapsed="3.710411"/>
</kw>
<kw name="Sleep" owner="BuiltIn">
<msg time="2024-11-19T08:13:04.582510" level="INFO">Slept 20 seconds.</msg>
<arg>20S</arg>
<doc>Pauses the test executed for the given time.</doc>
<status status="PASS" start="2024-11-19T08:12:44.582190" elapsed="20.000823"/>
</kw>
<status status="PASS" start="2024-11-19T08:12:40.245166" elapsed="24.337847"/>
</kw>
<kw name="Verify Home Page" owner="Deshy_01_Creation_parcelle">
<kw name="Wait Until Page Contains" owner="SeleniumLibrary">
<arg>Applications</arg>
<arg>10s</arg>
<doc>Waits until ``text`` appears on the current page.</doc>
<status status="PASS" start="2024-11-19T08:13:04.584057" elapsed="0.021918"/>
</kw>
<kw name="Page Should Contain" owner="SeleniumLibrary">
<msg time="2024-11-19T08:13:04.622954" level="INFO">Current page contains text 'Applications'.</msg>
<arg>Applications</arg>
<doc>Verifies that current page contains ``text``.</doc>
<status status="PASS" start="2024-11-19T08:13:04.607010" elapsed="0.015944"/>
</kw>
<status status="PASS" start="2024-11-19T08:13:04.583013" elapsed="0.040909"/>
</kw>
<kw name="Given L'utilisateur se trouve sur la page &quot;Plateformes métier&quot;" owner="Deshy_01_Creation_parcelle">
<kw name="Wait Until Page Contains" owner="SeleniumLibrary">
<arg>Plateformes</arg>
<arg>10s</arg>
<doc>Waits until ``text`` appears on the current page.</doc>
<status status="PASS" start="2024-11-19T08:13:04.624966" elapsed="0.016326"/>
</kw>
<doc>Vérifie que l'utilisateur est sur la page "Plateformes métier".</doc>
<status status="PASS" start="2024-11-19T08:13:04.623922" elapsed="0.017370"/>
</kw>
<kw name="When l'utilisateur clique sur le module &quot;Déshydratation&quot;" owner="Deshy_01_Creation_parcelle">
<kw name="Wait Until Element Is Visible" owner="SeleniumLibrary">
<arg>xpath=//div[@class='app_name']</arg>
<arg>5s</arg>
<doc>Waits until the element ``locator`` is visible.</doc>
<status status="PASS" start="2024-11-19T08:13:04.642423" elapsed="0.023121"/>
</kw>
<kw name="Click Element" owner="SeleniumLibrary">
<msg time="2024-11-19T08:13:04.666561" level="INFO">Clicking element 'xpath=//div[@class='app_name']'.</msg>
<arg>xpath=//div[@class='app_name']</arg>
<doc>Click the element identified by ``locator``.</doc>
<status status="PASS" start="2024-11-19T08:13:04.665544" elapsed="0.081908"/>
</kw>
<doc>Sélectionne le module "Déshydratation" sur la page.</doc>
<status status="PASS" start="2024-11-19T08:13:04.642423" elapsed="0.105029"/>
</kw>
<kw name="Then Il est redirigé vers une nouvelle page avec les menus de navigation" owner="Deshy_01_Creation_parcelle">
<kw name="Get Window Handles" owner="SeleniumLibrary">
<msg time="2024-11-19T08:13:04.761730" level="INFO">${handles} = ['6208D3E33EDC1DC8116DC25EF75BF520', '6BFE1A5AB31C0DA4F0140A679FCF7E76']</msg>
<var>${handles}</var>
<doc>Returns all child window handles of the selected browser as a list.</doc>
<status status="PASS" start="2024-11-19T08:13:04.748449" elapsed="0.013281"/>
</kw>
<kw name="Switch Window" owner="SeleniumLibrary">
<arg>${handles}[-1]</arg>
<doc>Switches to browser window matching ``locator``.</doc>
<status status="PASS" start="2024-11-19T08:13:04.761730" elapsed="0.052901"/>
</kw>
<kw name="Sleep" owner="BuiltIn">
<msg time="2024-11-19T08:13:09.815657" level="INFO">Slept 5 seconds.</msg>
<arg>5s</arg>
<doc>Pauses the test executed for the given time.</doc>
<status status="PASS" start="2024-11-19T08:13:04.815534" elapsed="5.000123"/>
</kw>
<kw name="Wait Until Page Contains" owner="SeleniumLibrary">
<arg>Culture</arg>
<doc>Waits until ``text`` appears on the current page.</doc>
<status status="PASS" start="2024-11-19T08:13:09.816706" elapsed="0.017894"/>
</kw>
<doc>Vérifie que la nouvelle page contient le texte spécifique pour confirmer la redirection.</doc>
<status status="PASS" start="2024-11-19T08:13:04.747452" elapsed="5.087148"/>
</kw>
<kw name="Suppresion de la dernière ligne avant de créer une parcelle" owner="Deshy_01_Creation_parcelle">
<kw name="Wait Until Element Is Visible" owner="SeleniumLibrary">
<arg>${DELETE_BTN_PARENT}</arg>
<doc>Waits until the element ``locator`` is visible.</doc>
<status status="PASS" start="2024-11-19T08:13:09.836593" elapsed="0.327217"/>
</kw>
<kw name="Click Element" owner="SeleniumLibrary">
<msg time="2024-11-19T08:13:10.163810" level="INFO">Clicking element 'xpath=/html/body/pr-root/div[2]/pr-farming-main/div/div[2]/ag-grid-angular/div/div[2]/div[2]/div[3]/div[1]/div/div[3]/div[last()]'.</msg>
<arg>${DELETE_BTN_PARENT}/div[last()]</arg>
<doc>Click the element identified by ``locator``.</doc>
<status status="PASS" start="2024-11-19T08:13:10.163810" elapsed="0.087182"/>
</kw>
<kw name="Wait Until Element Is Visible" owner="SeleniumLibrary">
<arg>css:.cancel_button</arg>
<arg>10s</arg>
<doc>Waits until the element ``locator`` is visible.</doc>
<status status="PASS" start="2024-11-19T08:13:10.250992" elapsed="0.477588"/>
</kw>
<kw name="Click Element" owner="SeleniumLibrary">
<msg time="2024-11-19T08:13:10.729623" level="INFO">Clicking element 'css:.cancel_button'.</msg>
<arg>css:.cancel_button</arg>
<doc>Click the element identified by ``locator``.</doc>
<status status="PASS" start="2024-11-19T08:13:10.728580" elapsed="0.050161"/>
</kw>
<kw name="Sleep" owner="BuiltIn">
<msg time="2024-11-19T08:13:40.780094" level="INFO">Slept 30 seconds.</msg>
<arg>30s</arg>
<doc>Pauses the test executed for the given time.</doc>
<status status="PASS" start="2024-11-19T08:13:10.778741" elapsed="30.001353"/>
</kw>
<status status="PASS" start="2024-11-19T08:13:09.835597" elapsed="30.944497"/>
</kw>
<kw name="When l'utilisateur clique sur le bouton &quot;Créer parcelle&quot;" owner="Deshy_01_Creation_parcelle">
<kw name="Wait Until Element Is Visible" owner="SeleniumLibrary">
<arg>xpath=//span[normalize-space()='Création parcelle']</arg>
<doc>Waits until the element ``locator`` is visible.</doc>
<status status="PASS" start="2024-11-19T08:13:40.782143" elapsed="0.034409"/>
</kw>
<kw name="Click Element" owner="SeleniumLibrary">
<msg time="2024-11-19T08:13:40.816552" level="INFO">Clicking element 'xpath=//span[normalize-space()='Création parcelle']'.</msg>
<arg>xpath=//span[normalize-space()='Création parcelle']</arg>
<doc>Click the element identified by ``locator``.</doc>
<status status="PASS" start="2024-11-19T08:13:40.816552" elapsed="0.122346"/>
</kw>
<status status="PASS" start="2024-11-19T08:13:40.781140" elapsed="0.157758"/>
</kw>
<kw name="When l'utilisateur saisit au moin 3 caractères dans le champ &quot;Tiers&quot; et sélectionne le type de tiers" owner="Deshy_01_Creation_parcelle">
<kw name="Wait Until Element Is Visible" owner="SeleniumLibrary">
<arg>xpath=//div[contains(@class, 'mat-form-field-infix')]//mat-select[@id='mat-select-2']</arg>
<doc>Waits until the element ``locator`` is visible.</doc>
<status status="PASS" start="2024-11-19T08:13:40.940894" elapsed="0.028901"/>
</kw>
<kw name="Wait Until Element Is Not Visible" owner="SeleniumLibrary">
<arg>xpath=//div[contains(@class, 'dark-overlay')]</arg>
<arg>10s</arg>
<doc>Waits until the element ``locator`` is not visible.</doc>
<status status="PASS" start="2024-11-19T08:13:40.969795" elapsed="1.845843"/>
</kw>
<kw name="Wait Until Element Is Visible" owner="SeleniumLibrary">
<arg>xpath=//mat-select[@id='mat-select-2']</arg>
<arg>10s</arg>
<doc>Waits until the element ``locator`` is visible.</doc>
<status status="PASS" start="2024-11-19T08:13:42.815638" elapsed="0.027061"/>
</kw>
<kw name="Wait Until Element Is Enabled" owner="SeleniumLibrary">
<arg>xpath=//mat-select[@id='mat-select-2']</arg>
<doc>Waits until the element ``locator`` is enabled.</doc>
<status status="PASS" start="2024-11-19T08:13:42.842699" elapsed="0.032426"/>
</kw>
<kw name="Scroll Element Into View" owner="SeleniumLibrary">
<arg>xpath=//mat-select[@id='mat-select-2']</arg>
<doc>Scrolls the element identified by ``locator`` into view.</doc>
<status status="PASS" start="2024-11-19T08:13:42.876130" elapsed="0.283522"/>
</kw>
<kw name="Click Element" owner="SeleniumLibrary">
<msg time="2024-11-19T08:13:43.160648" level="INFO">Clicking element 'xpath=//mat-select[@id='mat-select-2']'.</msg>
<arg>xpath=//mat-select[@id='mat-select-2']</arg>
<doc>Click the element identified by ``locator``.</doc>
<status status="PASS" start="2024-11-19T08:13:43.159652" elapsed="0.082290"/>
</kw>
<kw name="Press Keys" owner="SeleniumLibrary">
<msg time="2024-11-19T08:13:43.242938" level="INFO">Sending key(s) ('106757',) to xpath=//mat-select[@id='mat-select-2'] element.</msg>
<msg time="2024-11-19T08:13:43.543798" level="INFO">Sending keys 106757</msg>
<arg>xpath=//mat-select[@id='mat-select-2']</arg>
<arg>${Ent_Type_tiers}</arg>
<doc>Simulates the user pressing key(s) to an element or on the active browser.</doc>
<status status="PASS" start="2024-11-19T08:13:43.241942" elapsed="0.620186"/>
</kw>
<kw name="Press Keys" owner="SeleniumLibrary">
<msg time="2024-11-19T08:13:43.863102" level="INFO">Sending key(s) ('ENTER',) to xpath=//mat-select[@id='mat-select-2'] element.</msg>
<msg time="2024-11-19T08:13:44.153901" level="INFO">Pressing special key ENTER to element.</msg>
<msg time="2024-11-19T08:13:44.154957" level="INFO">Releasing special key ENTER.</msg>
<arg>xpath=//mat-select[@id='mat-select-2']</arg>
<arg>ENTER</arg>
<doc>Simulates the user pressing key(s) to an element or on the active browser.</doc>
<status status="PASS" start="2024-11-19T08:13:43.863102" elapsed="0.325685"/>
</kw>
<status status="PASS" start="2024-11-19T08:13:40.939931" elapsed="3.248856"/>
</kw>
<kw name="When l'utilisateur saisit les 3 premiers caractères dans le champ &quot;Commune&quot; et sélectionne la commune" owner="Deshy_01_Creation_parcelle">
<kw name="Wait Until Element Is Visible" owner="SeleniumLibrary">
<arg>xpath=//div[contains(@class, 'container_value')]//pr-dropdown//mat-form-field//mat-select[@id='mat-select-4']</arg>
<doc>Waits until the element ``locator`` is visible.</doc>
<status status="PASS" start="2024-11-19T08:13:44.189831" elapsed="0.031453"/>
</kw>
<kw name="Wait Until Element Is Not Visible" owner="SeleniumLibrary">
<arg>xpath=//div[contains(@class, 'dark-overlay')]</arg>
<arg>10s</arg>
<doc>Waits until the element ``locator`` is not visible.</doc>
<status status="PASS" start="2024-11-19T08:13:44.221284" elapsed="0.012966"/>
</kw>
<kw name="Wait Until Element Is Visible" owner="SeleniumLibrary">
<arg>xpath=//*[@id="mat-select-value-5"]</arg>
<arg>10s</arg>
<doc>Waits until the element ``locator`` is visible.</doc>
<status status="PASS" start="2024-11-19T08:13:44.234250" elapsed="0.028060"/>
</kw>
<kw name="Wait Until Element Is Enabled" owner="SeleniumLibrary">
<arg>xpath=//*[@id="mat-select-value-5"]</arg>
<arg>10s</arg>
<doc>Waits until the element ``locator`` is enabled.</doc>
<status status="PASS" start="2024-11-19T08:13:44.263316" elapsed="0.037021"/>
</kw>
<kw name="Scroll Element Into View" owner="SeleniumLibrary">
<arg>xpath=//*[@id="mat-select-value-5"]</arg>
<doc>Scrolls the element identified by ``locator`` into view.</doc>
<status status="PASS" start="2024-11-19T08:13:44.301335" elapsed="0.298116"/>
</kw>
<kw name="Click Element" owner="SeleniumLibrary">
<msg time="2024-11-19T08:13:44.600457" level="INFO">Clicking element 'xpath=//*[@id="mat-select-value-5"]'.</msg>
<arg>xpath=//*[@id="mat-select-value-5"]</arg>
<doc>Click the element identified by ``locator``.</doc>
<status status="PASS" start="2024-11-19T08:13:44.599451" elapsed="0.073057"/>
</kw>
<kw name="Sleep" owner="BuiltIn">
<msg time="2024-11-19T08:13:45.674136" level="INFO">Slept 1 second.</msg>
<arg>1s</arg>
<doc>Pauses the test executed for the given time.</doc>
<status status="PASS" start="2024-11-19T08:13:44.672508" elapsed="1.002220"/>
</kw>
<kw name="Press Keys" owner="SeleniumLibrary">
<msg time="2024-11-19T08:13:45.675798" level="INFO">Sending key(s) ('35264 / ST DIDIER',) to xpath=//*[@id="mat-option-6"]/span/ngx-mat-select-search/div/input element.</msg>
<msg time="2024-11-19T08:13:45.990696" level="INFO">Sending keys 35264 / ST DIDIER</msg>
<arg>xpath=//*[@id="mat-option-6"]/span/ngx-mat-select-search/div/input</arg>
<arg>${Ent_code_commune}</arg>
<doc>Simulates the user pressing key(s) to an element or on the active browser.</doc>
<status status="PASS" start="2024-11-19T08:13:45.674728" elapsed="0.553918"/>
</kw>
<kw name="Sleep" owner="BuiltIn">
<msg time="2024-11-19T08:13:51.230228" level="INFO">Slept 5 seconds.</msg>
<arg>5s</arg>
<doc>Pauses the test executed for the given time.</doc>
<status status="PASS" start="2024-11-19T08:13:46.229650" elapsed="5.000578"/>
</kw>
<kw name="Press Keys" owner="SeleniumLibrary">
<msg time="2024-11-19T08:13:51.232233" level="INFO">Sending key(s) ('SPACE',) to xpath=//*[@id="mat-option-6"]/span/ngx-mat-select-search/div/input element.</msg>
<msg time="2024-11-19T08:13:51.525905" level="INFO">Pressing special key SPACE to element.</msg>
<msg time="2024-11-19T08:13:51.525905" level="INFO">Releasing special key SPACE.</msg>
<arg>xpath=//*[@id="mat-option-6"]/span/ngx-mat-select-search/div/input</arg>
<arg>SPACE</arg>
<doc>Simulates the user pressing key(s) to an element or on the active browser.</doc>
<status status="PASS" start="2024-11-19T08:13:51.231276" elapsed="0.332738"/>
</kw>
<kw name="Sleep" owner="BuiltIn">
<msg time="2024-11-19T08:13:53.565312" level="INFO">Slept 2 seconds.</msg>
<arg>2s</arg>
<doc>Pauses the test executed for the given time.</doc>
<status status="PASS" start="2024-11-19T08:13:51.565012" elapsed="2.000300"/>
</kw>
<kw name="Wait Until Element Is Visible" owner="SeleniumLibrary">
<arg>xpath=//mat-option[contains(@class, 'mat-option') and contains(., '${Ent_code_commune}')]</arg>
<arg>10s</arg>
<doc>Waits until the element ``locator`` is visible.</doc>
<status status="PASS" start="2024-11-19T08:13:53.566361" elapsed="0.035569"/>
</kw>
<kw name="Click Element" owner="SeleniumLibrary">
<msg time="2024-11-19T08:13:53.602929" level="INFO">Clicking element 'xpath=//mat-option[contains(@class, 'mat-option') and contains(., '35264 / ST DIDIER')]'.</msg>
<arg>xpath=//mat-option[contains(@class, 'mat-option') and contains(., '${Ent_code_commune}')]</arg>
<doc>Click the element identified by ``locator``.</doc>
<status status="PASS" start="2024-11-19T08:13:53.602929" elapsed="0.050402"/>
</kw>
<status status="PASS" start="2024-11-19T08:13:44.189831" elapsed="9.463500"/>
</kw>
<kw name="When l'utilisateur saisit le surface" owner="Deshy_01_Creation_parcelle">
<kw name="Wait Until Element Is Visible" owner="SeleniumLibrary">
<arg>xpath=//input[@id='mat-input-0']</arg>
<doc>Waits until the element ``locator`` is visible.</doc>
<status status="PASS" start="2024-11-19T08:13:53.654328" elapsed="0.028459"/>
</kw>
<kw name="Input Text" owner="SeleniumLibrary">
<msg time="2024-11-19T08:13:53.683793" level="INFO">Typing text '25' into text field 'xpath=//input[@id='mat-input-0']'.</msg>
<arg>xpath=//input[@id='mat-input-0']</arg>
<arg>25</arg>
<doc>Types the given ``text`` into the text field identified by ``locator``.</doc>
<status status="PASS" start="2024-11-19T08:13:53.682787" elapsed="0.144603"/>
</kw>
<status status="PASS" start="2024-11-19T08:13:53.654328" elapsed="0.173062"/>
</kw>
<kw name="When l'utilisateur saisit la référence chez le tiers" owner="Deshy_01_Creation_parcelle">
<kw name="Wait Until Element Is Visible" owner="SeleniumLibrary">
<arg>xpath=//*[@id="mat-input-1"]</arg>
<doc>Waits until the element ``locator`` is visible.</doc>
<status status="PASS" start="2024-11-19T08:13:53.827390" elapsed="0.021471"/>
</kw>
<kw name="Input Text" owner="SeleniumLibrary">
<msg time="2024-11-19T08:13:53.848861" level="INFO">Typing text 'Ref_tiers' into text field 'xpath=//*[@id="mat-input-1"]'.</msg>
<arg>xpath=//*[@id="mat-input-1"]</arg>
<arg>${Ref-tiers}</arg>
<doc>Types the given ``text`` into the text field identified by ``locator``.</doc>
<status status="PASS" start="2024-11-19T08:13:53.848861" elapsed="0.155195"/>
</kw>
<kw name="Sleep" owner="BuiltIn">
<msg time="2024-11-19T08:14:24.004306" level="INFO">Slept 30 seconds.</msg>
<arg>30s</arg>
<doc>Pauses the test executed for the given time.</doc>
<status status="PASS" start="2024-11-19T08:13:54.004056" elapsed="30.000250"/>
</kw>
<status status="PASS" start="2024-11-19T08:13:53.827390" elapsed="30.176916"/>
</kw>
<kw name="When l'utilisateur choisit une récolte dans le champ &quot;Récolte&quot;" owner="Deshy_01_Creation_parcelle">
<kw name="Wait Until Element Is Visible" owner="SeleniumLibrary">
<arg>xpath=//*[@id="mat-select-8"]/div</arg>
<arg>20s</arg>
<doc>Waits until the element ``locator`` is visible.</doc>
<status status="PASS" start="2024-11-19T08:14:24.004834" elapsed="0.023925"/>
</kw>
<kw name="Wait Until Element Is Enabled" owner="SeleniumLibrary">
<arg>xpath=//*[@id="mat-select-8"]/div</arg>
<doc>Waits until the element ``locator`` is enabled.</doc>
<status status="PASS" start="2024-11-19T08:14:24.029757" elapsed="0.023919"/>
</kw>
<kw name="Execute Javascript" owner="SeleniumLibrary">
<msg time="2024-11-19T08:14:24.054681" level="INFO">Executing JavaScript:
document.querySelector('#mat-select-8 &gt; div').click(); setTimeout(() =&gt; { const options = document.querySelectorAll('mat-option'); options.forEach(option =&gt; { if (option.innerText.includes('2024')) { option.click(); document.activeElement.blur(); } }); }, 1000);
Without any arguments.</msg>
<arg>document.querySelector('#mat-select-8 &gt; div').click(); setTimeout(() =&gt; { const options = document.querySelectorAll('mat-option'); options.forEach(option =&gt; { if (option.innerText.includes('2024')) { option.click(); document.activeElement.blur(); } }); }, 1000);</arg>
<doc>Executes the given JavaScript code with possible arguments.</doc>
<status status="PASS" start="2024-11-19T08:14:24.053676" elapsed="0.019016"/>
</kw>
<status status="PASS" start="2024-11-19T08:14:24.004834" elapsed="0.067858"/>
</kw>
<kw name="When l'utilisateur sélectionne une dans le champ &quot;Espèces&quot;" owner="Deshy_01_Creation_parcelle">
<kw name="Wait Until Element Is Visible" owner="SeleniumLibrary">
<arg>xpath=//*[@id="mat-select-value-11"]</arg>
<arg>10s</arg>
<doc>Waits until the element ``locator`` is visible.</doc>
<status status="PASS" start="2024-11-19T08:14:24.073646" elapsed="0.028730"/>
</kw>
<kw name="Wait Until Element Is Enabled" owner="SeleniumLibrary">
<arg>xpath=//*[@id="mat-select-value-11"]</arg>
<doc>Waits until the element ``locator`` is enabled.</doc>
<status status="PASS" start="2024-11-19T08:14:24.103371" elapsed="0.026915"/>
</kw>
<kw name="Execute Javascript" owner="SeleniumLibrary">
<msg time="2024-11-19T08:14:24.131281" level="INFO">Executing JavaScript:
document.querySelector('#mat-select-value-11').click(); setTimeout(() =&gt; { const options = document.querySelectorAll('mat-option'); options.forEach(option =&gt; { if (option.innerText.includes('LUZ / LUZERNE')) { option.click(); document.activeElement.blur(); } }); }, 1000);
Without any arguments.</msg>
<arg>document.querySelector('#mat-select-value-11').click(); setTimeout(() =&gt; { const options = document.querySelectorAll('mat-option'); options.forEach(option =&gt; { if (option.innerText.includes('LUZ / LUZERNE')) { option.click(); document.activeElement.blur(); } }); }, 1000);</arg>
<doc>Executes the given JavaScript code with possible arguments.</doc>
<status status="PASS" start="2024-11-19T08:14:24.130286" elapsed="0.017515"/>
</kw>
<status status="PASS" start="2024-11-19T08:14:24.072692" elapsed="0.075109"/>
</kw>
<kw name="When l'utilisateur sélectionne un site prévisionnel dans le champ &quot;Site prévisionnel&quot;" owner="Deshy_01_Creation_parcelle">
<kw name="Wait Until Element Is Visible" owner="SeleniumLibrary">
<arg>xpath=//*[@id="mat-select-value-13"]</arg>
<arg>10s</arg>
<doc>Waits until the element ``locator`` is visible.</doc>
<status status="PASS" start="2024-11-19T08:14:24.148800" elapsed="0.023924"/>
</kw>
<kw name="Wait Until Element Is Enabled" owner="SeleniumLibrary">
<arg>xpath=//*[@id="mat-select-value-13"]</arg>
<doc>Waits until the element ``locator`` is enabled.</doc>
<status status="PASS" start="2024-11-19T08:14:24.172724" elapsed="0.047003"/>
</kw>
<kw name="Execute Javascript" owner="SeleniumLibrary">
<msg time="2024-11-19T08:14:24.221726" level="INFO">Executing JavaScript:
document.querySelector('#mat-select-value-13').click(); setTimeout(() =&gt; { const options = document.querySelectorAll('mat-option'); options.forEach(option =&gt; { if (option.innerText.includes('AD / Atelier DOMAGNE')) { option.click(); document.activeElement.blur(); } }); }, 1000);
Without any arguments.</msg>
<arg>document.querySelector('#mat-select-value-13').click(); setTimeout(() =&gt; { const options = document.querySelectorAll('mat-option'); options.forEach(option =&gt; { if (option.innerText.includes('AD / Atelier DOMAGNE')) { option.click(); document.activeElement.blur(); } }); }, 1000);</arg>
<doc>Executes the given JavaScript code with possible arguments.</doc>
<status status="PASS" start="2024-11-19T08:14:24.219727" elapsed="0.036342"/>
</kw>
<status status="PASS" start="2024-11-19T08:14:24.148800" elapsed="0.108280"/>
</kw>
<kw name="When l'utilisateur sélectionne un processus de transport dans le champ &quot;Type de mouvement&quot;" owner="Deshy_01_Creation_parcelle">
<kw name="Wait Until Element Is Visible" owner="SeleniumLibrary">
<arg>xpath=//*[@id="mat-select-value-21"]</arg>
<arg>10s</arg>
<doc>Waits until the element ``locator`` is visible.</doc>
<status status="PASS" start="2024-11-19T08:14:24.259062" elapsed="0.044367"/>
</kw>
<kw name="Wait Until Element Is Enabled" owner="SeleniumLibrary">
<arg>xpath=//*[@id="mat-select-value-21"]</arg>
<doc>Waits until the element ``locator`` is enabled.</doc>
<status status="PASS" start="2024-11-19T08:14:24.303429" elapsed="0.037821"/>
</kw>
<kw name="Execute Javascript" owner="SeleniumLibrary">
<msg time="2024-11-19T08:14:24.343308" level="INFO">Executing JavaScript:
document.querySelector('#mat-select-value-21').click(); setTimeout(() =&gt; { const options = document.querySelectorAll('mat-option'); options.forEach(option =&gt; { if (option.innerText.includes('CS / Collecte')) { option.click(); document.activeElement.blur(); } }); }, 1000);
Without any arguments.</msg>
<arg>document.querySelector('#mat-select-value-21').click(); setTimeout(() =&gt; { const options = document.querySelectorAll('mat-option'); options.forEach(option =&gt; { if (option.innerText.includes('CS / Collecte')) { option.click(); document.activeElement.blur(); } }); }, 1000);</arg>
<doc>Executes the given JavaScript code with possible arguments.</doc>
<status status="PASS" start="2024-11-19T08:14:24.341250" elapsed="0.024859"/>
</kw>
<status status="PASS" start="2024-11-19T08:14:24.258063" elapsed="0.108046"/>
</kw>
<kw name="When l'utilisateur sélectionne un type de mouvement dans la partie &quot;Présentation&quot;" owner="Deshy_01_Creation_parcelle">
<kw name="Wait Until Element Is Visible" owner="SeleniumLibrary">
<arg>xpath=//*[@id="mat-select-value-23"]</arg>
<arg>10s</arg>
<doc>Waits until the element ``locator`` is visible.</doc>
<status status="PASS" start="2024-11-19T08:14:24.368106" elapsed="0.033971"/>
</kw>
<kw name="Wait Until Element Is Enabled" owner="SeleniumLibrary">
<arg>xpath=//*[@id="mat-select-value-23"]</arg>
<doc>Waits until the element ``locator`` is enabled.</doc>
<status status="PASS" start="2024-11-19T08:14:24.402077" elapsed="0.022923"/>
</kw>
<kw name="Execute Javascript" owner="SeleniumLibrary">
<msg time="2024-11-19T08:14:24.425999" level="INFO">Executing JavaScript:
document.querySelector('#mat-select-value-23').click(); setTimeout(() =&gt; { const options = document.querySelectorAll('mat-option'); options.forEach(option =&gt; { if (option.innerText.includes('G06 / Granulés 6 mm')) { option.click(); document.activeElement.blur(); } }); }, 1000);
Without any arguments.</msg>
<arg>document.querySelector('#mat-select-value-23').click(); setTimeout(() =&gt; { const options = document.querySelectorAll('mat-option'); options.forEach(option =&gt; { if (option.innerText.includes('G06 / Granulés 6 mm')) { option.click(); document.activeElement.blur(); } }); }, 1000);</arg>
<doc>Executes the given JavaScript code with possible arguments.</doc>
<status status="PASS" start="2024-11-19T08:14:24.425000" elapsed="0.038532"/>
</kw>
<status status="PASS" start="2024-11-19T08:14:24.367115" elapsed="0.096417"/>
</kw>
<kw name="When l'utilisateur sélectionne une présentation dans le champ &quot;Processus de transport&quot;" owner="Deshy_01_Creation_parcelle">
<kw name="Wait Until Element Is Visible" owner="SeleniumLibrary">
<arg>xpath=//*[@id="mat-select-value-25"]</arg>
<arg>10s</arg>
<doc>Waits until the element ``locator`` is visible.</doc>
<status status="PASS" start="2024-11-19T08:14:24.464552" elapsed="0.025414"/>
</kw>
<kw name="Wait Until Element Is Enabled" owner="SeleniumLibrary">
<arg>xpath=//*[@id="mat-select-value-25"]</arg>
<doc>Waits until the element ``locator`` is enabled.</doc>
<status status="PASS" start="2024-11-19T08:14:24.489966" elapsed="0.026381"/>
</kw>
<kw name="Execute Javascript" owner="SeleniumLibrary">
<msg time="2024-11-19T08:14:24.517344" level="INFO">Executing JavaScript:
document.querySelector('#mat-select-value-25').click(); setTimeout(() =&gt; { const options = document.querySelectorAll('mat-option'); options.forEach(option =&gt; { if (option.innerText.includes('LTR / (C) Livré par un TRANSPORTEUR')) { option.click(); document.activeElement.blur(); } }); }, 1000);
Without any arguments.</msg>
<arg>document.querySelector('#mat-select-value-25').click(); setTimeout(() =&gt; { const options = document.querySelectorAll('mat-option'); options.forEach(option =&gt; { if (option.innerText.includes('LTR / (C) Livré par un TRANSPORTEUR')) { option.click(); document.activeElement.blur(); } }); }, 1000);</arg>
<doc>Executes the given JavaScript code with possible arguments.</doc>
<status status="PASS" start="2024-11-19T08:14:24.516347" elapsed="0.031694"/>
</kw>
<status status="PASS" start="2024-11-19T08:14:24.464552" elapsed="0.084504"/>
</kw>
<kw name="When l'utilisateur sélectionne un type de déchargement dans le champ &quot;Type de déchargement&quot;" owner="Deshy_01_Creation_parcelle">
<kw name="Wait Until Element Is Visible" owner="SeleniumLibrary">
<arg>xpath=//*[@id="mat-select-value-27"]</arg>
<arg>10s</arg>
<doc>Waits until the element ``locator`` is visible.</doc>
<status status="PASS" start="2024-11-19T08:14:24.550060" elapsed="0.030372"/>
</kw>
<kw name="Wait Until Element Is Enabled" owner="SeleniumLibrary">
<arg>xpath=//*[@id="mat-select-value-27"]</arg>
<doc>Waits until the element ``locator`` is enabled.</doc>
<status status="PASS" start="2024-11-19T08:14:24.581478" elapsed="0.034373"/>
</kw>
<kw name="Execute Javascript" owner="SeleniumLibrary">
<msg time="2024-11-19T08:14:24.616848" level="INFO">Executing JavaScript:
document.querySelector('#mat-select-value-27').click(); setTimeout(() =&gt; { const options = document.querySelectorAll('mat-option'); options.forEach(option =&gt; { if (option.innerText.includes('SA / Sans')) { option.click(); document.activeElement.blur(); } }); }, 1000);
Without any arguments.</msg>
<arg>document.querySelector('#mat-select-value-27').click(); setTimeout(() =&gt; { const options = document.querySelectorAll('mat-option'); options.forEach(option =&gt; { if (option.innerText.includes('SA / Sans')) { option.click(); document.activeElement.blur(); } }); }, 1000);</arg>
<doc>Executes the given JavaScript code with possible arguments.</doc>
<status status="PASS" start="2024-11-19T08:14:24.615851" elapsed="0.037227"/>
</kw>
<status status="PASS" start="2024-11-19T08:14:24.549056" elapsed="0.105018"/>
</kw>
<kw name="When l'utilisateur sélectionne un lieu de livraison dans le champ &quot;Lieu de livraison&quot;" owner="Deshy_01_Creation_parcelle">
<kw name="Wait Until Element Is Visible" owner="SeleniumLibrary">
<arg>xpath=//*[@id="mat-select-value-29"]</arg>
<arg>10s</arg>
<doc>Waits until the element ``locator`` is visible.</doc>
<status status="PASS" start="2024-11-19T08:14:24.655079" elapsed="0.029907"/>
</kw>
<kw name="Wait Until Element Is Enabled" owner="SeleniumLibrary">
<arg>xpath=//*[@id="mat-select-value-29"]</arg>
<doc>Waits until the element ``locator`` is enabled.</doc>
<status status="PASS" start="2024-11-19T08:14:24.684986" elapsed="0.029898"/>
</kw>
<kw name="Execute Javascript" owner="SeleniumLibrary">
<msg time="2024-11-19T08:14:24.715883" level="INFO">Executing JavaScript:
document.querySelector('#mat-select-value-29').click(); setTimeout(() =&gt; { const options = document.querySelectorAll('mat-option'); options.forEach(option =&gt; { if (option.innerText.includes('L01 / 6 LA PIAIZIERE')) { option.click(); document.activeElement.blur(); } }); }, 1000);
Without any arguments.</msg>
<arg>document.querySelector('#mat-select-value-29').click(); setTimeout(() =&gt; { const options = document.querySelectorAll('mat-option'); options.forEach(option =&gt; { if (option.innerText.includes('L01 / 6 LA PIAIZIERE')) { option.click(); document.activeElement.blur(); } }); }, 1000);</arg>
<doc>Executes the given JavaScript code with possible arguments.</doc>
<status status="PASS" start="2024-11-19T08:14:24.715883" elapsed="0.018964"/>
</kw>
<kw name="Sleep" owner="BuiltIn">
<msg time="2024-11-19T08:14:34.735028" level="INFO">Slept 10 seconds.</msg>
<arg>10s</arg>
<doc>Pauses the test executed for the given time.</doc>
<status status="PASS" start="2024-11-19T08:14:24.734847" elapsed="10.000684"/>
</kw>
<status status="PASS" start="2024-11-19T08:14:24.654074" elapsed="10.081457"/>
</kw>
<kw name="Capture Page Screenshot" owner="SeleniumLibrary">
<msg time="2024-11-19T08:14:34.857342" level="INFO" html="true">&lt;/td&gt;&lt;/tr&gt;&lt;tr&gt;&lt;td colspan="3"&gt;&lt;a href="livraison.png"&gt;&lt;img src="livraison.png" width="800px"&gt;&lt;/a&gt;</msg>
<arg>livraison.png</arg>
<doc>Takes a screenshot of the current page and embeds it into a log file.</doc>
<status status="PASS" start="2024-11-19T08:14:34.735531" elapsed="0.121811"/>
</kw>
<kw name="When l'utilisateur clique sur le bouton &quot;Enregistrer&quot;" owner="Deshy_01_Creation_parcelle">
<kw name="Wait Until Element Is Visible" owner="SeleniumLibrary">
<arg>css=div.container_button.right_container &gt; div &gt; div:nth-child(2)</arg>
<arg>10s</arg>
<doc>Waits until the element ``locator`` is visible.</doc>
<status status="PASS" start="2024-11-19T08:14:34.858339" elapsed="0.020930"/>
</kw>
<kw name="Wait Until Element Is Enabled" owner="SeleniumLibrary">
<arg>css=div.container_button.right_container &gt; div &gt; div:nth-child(2)</arg>
<arg>10s</arg>
<doc>Waits until the element ``locator`` is enabled.</doc>
<status status="PASS" start="2024-11-19T08:14:34.879269" elapsed="0.019934"/>
</kw>
<kw name="Execute Javascript" owner="SeleniumLibrary">
<msg time="2024-11-19T08:14:34.900199" level="INFO">Executing JavaScript:
document.querySelector('div.container_button.right_container &gt; div &gt; div:nth-child(2)').click()
Without any arguments.</msg>
<arg>document.querySelector('div.container_button.right_container &gt; div &gt; div:nth-child(2)').click()</arg>
<doc>Executes the given JavaScript code with possible arguments.</doc>
<status status="PASS" start="2024-11-19T08:14:34.899203" elapsed="0.030897"/>
</kw>
<status status="PASS" start="2024-11-19T08:14:34.858339" elapsed="0.072760"/>
</kw>
<kw name="When l'utilisateur clique sur le bouton Confirmer dans le pop up de confirmation" owner="Deshy_01_Creation_parcelle">
<kw name="Wait Until Element Is Visible" owner="SeleniumLibrary">
<arg>css:.cancel_button</arg>
<arg>10</arg>
<doc>Waits until the element ``locator`` is visible.</doc>
<status status="PASS" start="2024-11-19T08:14:34.932096" elapsed="0.026611"/>
</kw>
<kw name="Click Element" owner="SeleniumLibrary">
<msg time="2024-11-19T08:14:34.959715" level="INFO">Clicking element 'css:.cancel_button'.</msg>
<arg>css:.cancel_button</arg>
<doc>Click the element identified by ``locator``.</doc>
<status status="PASS" start="2024-11-19T08:14:34.959715" elapsed="0.062572"/>
</kw>
<status status="PASS" start="2024-11-19T08:14:34.931099" elapsed="0.091188"/>
</kw>
<kw name="Then la parcelle est enregistrée et l'utilisateur est redirigé vers la liste des parcelles" owner="Deshy_01_Creation_parcelle">
<kw name="Create List" owner="BuiltIn">
<msg time="2024-11-19T08:14:35.024282" level="INFO">${textes_entetes} = []</msg>
<var>${textes_entetes}</var>
<doc>Returns a list containing given items.</doc>
<status status="PASS" start="2024-11-19T08:14:35.023284" elapsed="0.000998"/>
</kw>
<while condition="True">
<iter>
<kw name="Get WebElements" owner="SeleniumLibrary">
<msg time="2024-11-19T08:14:35.039243" level="INFO">${entetes_colonne} = [&lt;selenium.webdriver.remote.webelement.WebElement (session="f8987107aea464b6faba4b99167b7946", element="f.6BFE1A5AB31C0DA4F0140A679FCF7E76.d.E6F64D97EE72FD0CB2C4B4763412CF3C.e.229")&gt;, &lt;selenium.webdri...</msg>
<var>${entetes_colonne}</var>
<arg>${TABLE_COLUMN_XPATH}</arg>
<doc>Returns a list of WebElement objects matching the ``locator``.</doc>
<status status="PASS" start="2024-11-19T08:14:35.025278" elapsed="0.013965"/>
</kw>
<for flavor="IN">
<iter>
<kw name="Get Text" owner="SeleniumLibrary">
<msg time="2024-11-19T08:14:35.062702" level="INFO">${texte_entete} = Tiers</msg>
<var>${texte_entete}</var>
<arg>${entete}</arg>
<doc>Returns the text value of the element identified by ``locator``.</doc>
<status status="PASS" start="2024-11-19T08:14:35.040241" elapsed="0.023477"/>
</kw>
<kw name="Replace String" owner="String">
<msg time="2024-11-19T08:14:35.063718" level="INFO">${texte_entete} = Tiers</msg>
<var>${texte_entete}</var>
<arg>${texte_entete}</arg>
<arg>\n</arg>
<arg>' '</arg>
<doc>Replaces ``search_for`` in the given ``string`` with ``replace_with``.</doc>
<status status="PASS" start="2024-11-19T08:14:35.063718" elapsed="0.000980"/>
</kw>
<kw name="Strip String" owner="String">
<msg time="2024-11-19T08:14:35.064698" level="INFO">${texte_entete} = Tiers</msg>
<var>${texte_entete}</var>
<arg>${texte_entete}</arg>
<doc>Remove leading and/or trailing whitespaces from the given string.</doc>
<status status="PASS" start="2024-11-19T08:14:35.064698" elapsed="0.000000"/>
</kw>
<kw name="Continue For Loop If" owner="BuiltIn">
<arg>'${texte_entete}' == ''</arg>
<doc>Skips the current FOR loop iteration if the ``condition`` is true.</doc>
<status status="PASS" start="2024-11-19T08:14:35.065700" elapsed="0.000000"/>
</kw>
<kw name="Run Keyword If" owner="BuiltIn">
<arg>'${texte_entete}' in @{textes_entetes}</arg>
<arg>Continue For Loop</arg>
<doc>Runs the given keyword with the given arguments, if ``condition`` is true.</doc>
<status status="PASS" start="2024-11-19T08:14:35.065700" elapsed="0.000000"/>
</kw>
<kw name="Append To List" owner="Collections">
<arg>${textes_entetes}</arg>
<arg>${texte_entete}</arg>
<doc>Adds ``values`` to the end of ``list``.</doc>
<status status="PASS" start="2024-11-19T08:14:35.066693" elapsed="0.000000"/>
</kw>
<var name="${entete}">&lt;selenium.webdriver.remote.webelement.WebElement (session="f8987107aea464b6faba4b99167b7946", element="f.6BFE1A5AB31C0DA4F0140A679FCF7E76.d.E6F64D97EE72FD0CB2C4B4763412CF3C.e.229")&gt;</var>
<status status="PASS" start="2024-11-19T08:14:35.040241" elapsed="0.026452"/>
</iter>
<iter>
<kw name="Get Text" owner="SeleniumLibrary">
<msg time="2024-11-19T08:14:35.081646" level="INFO">${texte_entete} = Toutes coupes</msg>
<var>${texte_entete}</var>
<arg>${entete}</arg>
<doc>Returns the text value of the element identified by ``locator``.</doc>
<status status="PASS" start="2024-11-19T08:14:35.066693" elapsed="0.014953"/>
</kw>
<kw name="Replace String" owner="String">
<msg time="2024-11-19T08:14:35.082646" level="INFO">${texte_entete} = Toutes coupes</msg>
<var>${texte_entete}</var>
<arg>${texte_entete}</arg>
<arg>\n</arg>
<arg>' '</arg>
<doc>Replaces ``search_for`` in the given ``string`` with ``replace_with``.</doc>
<status status="PASS" start="2024-11-19T08:14:35.081646" elapsed="0.001000"/>
</kw>
<kw name="Strip String" owner="String">
<msg time="2024-11-19T08:14:35.082646" level="INFO">${texte_entete} = Toutes coupes</msg>
<var>${texte_entete}</var>
<arg>${texte_entete}</arg>
<doc>Remove leading and/or trailing whitespaces from the given string.</doc>
<status status="PASS" start="2024-11-19T08:14:35.082646" elapsed="0.000000"/>
</kw>
<kw name="Continue For Loop If" owner="BuiltIn">
<arg>'${texte_entete}' == ''</arg>
<doc>Skips the current FOR loop iteration if the ``condition`` is true.</doc>
<status status="PASS" start="2024-11-19T08:14:35.083638" elapsed="0.000000"/>
</kw>
<kw name="Run Keyword If" owner="BuiltIn">
<arg>'${texte_entete}' in @{textes_entetes}</arg>
<arg>Continue For Loop</arg>
<doc>Runs the given keyword with the given arguments, if ``condition`` is true.</doc>
<status status="PASS" start="2024-11-19T08:14:35.083638" elapsed="0.000000"/>
</kw>
<kw name="Append To List" owner="Collections">
<arg>${textes_entetes}</arg>
<arg>${texte_entete}</arg>
<doc>Adds ``values`` to the end of ``list``.</doc>
<status status="PASS" start="2024-11-19T08:14:35.083638" elapsed="0.000996"/>
</kw>
<var name="${entete}">&lt;selenium.webdriver.remote.webelement.WebElement (session="f8987107aea464b6faba4b99167b7946", element="f.6BFE1A5AB31C0DA4F0140A679FCF7E76.d.E6F64D97EE72FD0CB2C4B4763412CF3C.e.230")&gt;</var>
<status status="PASS" start="2024-11-19T08:14:35.066693" elapsed="0.017941"/>
</iter>
<iter>
<kw name="Get Text" owner="SeleniumLibrary">
<msg time="2024-11-19T08:14:35.132396" level="INFO">${texte_entete} = Espèce</msg>
<var>${texte_entete}</var>
<arg>${entete}</arg>
<doc>Returns the text value of the element identified by ``locator``.</doc>
<status status="PASS" start="2024-11-19T08:14:35.084634" elapsed="0.047762"/>
</kw>
<kw name="Replace String" owner="String">
<msg time="2024-11-19T08:14:35.133393" level="INFO">${texte_entete} = Espèce</msg>
<var>${texte_entete}</var>
<arg>${texte_entete}</arg>
<arg>\n</arg>
<arg>' '</arg>
<doc>Replaces ``search_for`` in the given ``string`` with ``replace_with``.</doc>
<status status="PASS" start="2024-11-19T08:14:35.133393" elapsed="0.000000"/>
</kw>
<kw name="Strip String" owner="String">
<msg time="2024-11-19T08:14:35.134391" level="INFO">${texte_entete} = Espèce</msg>
<var>${texte_entete}</var>
<arg>${texte_entete}</arg>
<doc>Remove leading and/or trailing whitespaces from the given string.</doc>
<status status="PASS" start="2024-11-19T08:14:35.134391" elapsed="0.000000"/>
</kw>
<kw name="Continue For Loop If" owner="BuiltIn">
<arg>'${texte_entete}' == ''</arg>
<doc>Skips the current FOR loop iteration if the ``condition`` is true.</doc>
<status status="PASS" start="2024-11-19T08:14:35.134391" elapsed="0.000995"/>
</kw>
<kw name="Run Keyword If" owner="BuiltIn">
<arg>'${texte_entete}' in @{textes_entetes}</arg>
<arg>Continue For Loop</arg>
<doc>Runs the given keyword with the given arguments, if ``condition`` is true.</doc>
<status status="PASS" start="2024-11-19T08:14:35.135386" elapsed="0.000000"/>
</kw>
<kw name="Append To List" owner="Collections">
<arg>${textes_entetes}</arg>
<arg>${texte_entete}</arg>
<doc>Adds ``values`` to the end of ``list``.</doc>
<status status="PASS" start="2024-11-19T08:14:35.135386" elapsed="0.000997"/>
</kw>
<var name="${entete}">&lt;selenium.webdriver.remote.webelement.WebElement (session="f8987107aea464b6faba4b99167b7946", element="f.6BFE1A5AB31C0DA4F0140A679FCF7E76.d.E6F64D97EE72FD0CB2C4B4763412CF3C.e.231")&gt;</var>
<status status="PASS" start="2024-11-19T08:14:35.084634" elapsed="0.051749"/>
</iter>
<iter>
<kw name="Get Text" owner="SeleniumLibrary">
<msg time="2024-11-19T08:14:35.154864" level="INFO">${texte_entete} = Surface parcelle HA</msg>
<var>${texte_entete}</var>
<arg>${entete}</arg>
<doc>Returns the text value of the element identified by ``locator``.</doc>
<status status="PASS" start="2024-11-19T08:14:35.136383" elapsed="0.018481"/>
</kw>
<kw name="Replace String" owner="String">
<msg time="2024-11-19T08:14:35.155861" level="INFO">${texte_entete} = Surface parcelle HA</msg>
<var>${texte_entete}</var>
<arg>${texte_entete}</arg>
<arg>\n</arg>
<arg>' '</arg>
<doc>Replaces ``search_for`` in the given ``string`` with ``replace_with``.</doc>
<status status="PASS" start="2024-11-19T08:14:35.154864" elapsed="0.000997"/>
</kw>
<kw name="Strip String" owner="String">
<msg time="2024-11-19T08:14:35.155861" level="INFO">${texte_entete} = Surface parcelle HA</msg>
<var>${texte_entete}</var>
<arg>${texte_entete}</arg>
<doc>Remove leading and/or trailing whitespaces from the given string.</doc>
<status status="PASS" start="2024-11-19T08:14:35.155861" elapsed="0.000000"/>
</kw>
<kw name="Continue For Loop If" owner="BuiltIn">
<arg>'${texte_entete}' == ''</arg>
<doc>Skips the current FOR loop iteration if the ``condition`` is true.</doc>
<status status="PASS" start="2024-11-19T08:14:35.156857" elapsed="0.000000"/>
</kw>
<kw name="Run Keyword If" owner="BuiltIn">
<arg>'${texte_entete}' in @{textes_entetes}</arg>
<arg>Continue For Loop</arg>
<doc>Runs the given keyword with the given arguments, if ``condition`` is true.</doc>
<status status="PASS" start="2024-11-19T08:14:35.157360" elapsed="0.000000"/>
</kw>
<kw name="Append To List" owner="Collections">
<arg>${textes_entetes}</arg>
<arg>${texte_entete}</arg>
<doc>Adds ``values`` to the end of ``list``.</doc>
<status status="PASS" start="2024-11-19T08:14:35.157360" elapsed="0.000000"/>
</kw>
<var name="${entete}">&lt;selenium.webdriver.remote.webelement.WebElement (session="f8987107aea464b6faba4b99167b7946", element="f.6BFE1A5AB31C0DA4F0140A679FCF7E76.d.E6F64D97EE72FD0CB2C4B4763412CF3C.e.232")&gt;</var>
<status status="PASS" start="2024-11-19T08:14:35.136383" elapsed="0.021977"/>
</iter>
<iter>
<kw name="Get Text" owner="SeleniumLibrary">
<msg time="2024-11-19T08:14:35.207114" level="INFO">${texte_entete} = Commune</msg>
<var>${texte_entete}</var>
<arg>${entete}</arg>
<doc>Returns the text value of the element identified by ``locator``.</doc>
<status status="PASS" start="2024-11-19T08:14:35.160358" elapsed="0.046756"/>
</kw>
<kw name="Replace String" owner="String">
<msg time="2024-11-19T08:14:35.208110" level="INFO">${texte_entete} = Commune</msg>
<var>${texte_entete}</var>
<arg>${texte_entete}</arg>
<arg>\n</arg>
<arg>' '</arg>
<doc>Replaces ``search_for`` in the given ``string`` with ``replace_with``.</doc>
<status status="PASS" start="2024-11-19T08:14:35.207114" elapsed="0.000996"/>
</kw>
<kw name="Strip String" owner="String">
<msg time="2024-11-19T08:14:35.210106" level="INFO">${texte_entete} = Commune</msg>
<var>${texte_entete}</var>
<arg>${texte_entete}</arg>
<doc>Remove leading and/or trailing whitespaces from the given string.</doc>
<status status="PASS" start="2024-11-19T08:14:35.209105" elapsed="0.001001"/>
</kw>
<kw name="Continue For Loop If" owner="BuiltIn">
<arg>'${texte_entete}' == ''</arg>
<doc>Skips the current FOR loop iteration if the ``condition`` is true.</doc>
<status status="PASS" start="2024-11-19T08:14:35.210106" elapsed="0.000991"/>
</kw>
<kw name="Run Keyword If" owner="BuiltIn">
<arg>'${texte_entete}' in @{textes_entetes}</arg>
<arg>Continue For Loop</arg>
<doc>Runs the given keyword with the given arguments, if ``condition`` is true.</doc>
<status status="PASS" start="2024-11-19T08:14:35.211097" elapsed="0.000998"/>
</kw>
<kw name="Append To List" owner="Collections">
<arg>${textes_entetes}</arg>
<arg>${texte_entete}</arg>
<doc>Adds ``values`` to the end of ``list``.</doc>
<status status="PASS" start="2024-11-19T08:14:35.212095" elapsed="0.001013"/>
</kw>
<var name="${entete}">&lt;selenium.webdriver.remote.webelement.WebElement (session="f8987107aea464b6faba4b99167b7946", element="f.6BFE1A5AB31C0DA4F0140A679FCF7E76.d.E6F64D97EE72FD0CB2C4B4763412CF3C.e.233")&gt;</var>
<status status="PASS" start="2024-11-19T08:14:35.159359" elapsed="0.053749"/>
</iter>
<iter>
<kw name="Get Text" owner="SeleniumLibrary">
<msg time="2024-11-19T08:14:35.231138" level="INFO">${texte_entete} = Accessibilité à la Parcelle</msg>
<var>${texte_entete}</var>
<arg>${entete}</arg>
<doc>Returns the text value of the element identified by ``locator``.</doc>
<status status="PASS" start="2024-11-19T08:14:35.213108" elapsed="0.019035"/>
</kw>
<kw name="Replace String" owner="String">
<msg time="2024-11-19T08:14:35.233139" level="INFO">${texte_entete} = Accessibilité à la Parcelle</msg>
<var>${texte_entete}</var>
<arg>${texte_entete}</arg>
<arg>\n</arg>
<arg>' '</arg>
<doc>Replaces ``search_for`` in the given ``string`` with ``replace_with``.</doc>
<status status="PASS" start="2024-11-19T08:14:35.232143" elapsed="0.000996"/>
</kw>
<kw name="Strip String" owner="String">
<msg time="2024-11-19T08:14:35.234136" level="INFO">${texte_entete} = Accessibilité à la Parcelle</msg>
<var>${texte_entete}</var>
<arg>${texte_entete}</arg>
<doc>Remove leading and/or trailing whitespaces from the given string.</doc>
<status status="PASS" start="2024-11-19T08:14:35.233139" elapsed="0.000997"/>
</kw>
<kw name="Continue For Loop If" owner="BuiltIn">
<arg>'${texte_entete}' == ''</arg>
<doc>Skips the current FOR loop iteration if the ``condition`` is true.</doc>
<status status="PASS" start="2024-11-19T08:14:35.234136" elapsed="0.000996"/>
</kw>
<kw name="Run Keyword If" owner="BuiltIn">
<arg>'${texte_entete}' in @{textes_entetes}</arg>
<arg>Continue For Loop</arg>
<doc>Runs the given keyword with the given arguments, if ``condition`` is true.</doc>
<status status="PASS" start="2024-11-19T08:14:35.235132" elapsed="0.000997"/>
</kw>
<kw name="Append To List" owner="Collections">
<arg>${textes_entetes}</arg>
<arg>${texte_entete}</arg>
<doc>Adds ``values`` to the end of ``list``.</doc>
<status status="PASS" start="2024-11-19T08:14:35.237128" elapsed="0.000997"/>
</kw>
<var name="${entete}">&lt;selenium.webdriver.remote.webelement.WebElement (session="f8987107aea464b6faba4b99167b7946", element="f.6BFE1A5AB31C0DA4F0140A679FCF7E76.d.E6F64D97EE72FD0CB2C4B4763412CF3C.e.234")&gt;</var>
<status status="PASS" start="2024-11-19T08:14:35.213108" elapsed="0.025017"/>
</iter>
<iter>
<kw name="Get Text" owner="SeleniumLibrary">
<msg time="2024-11-19T08:14:35.265084" level="INFO">${texte_entete} = Commentaire logistique</msg>
<var>${texte_entete}</var>
<arg>${entete}</arg>
<doc>Returns the text value of the element identified by ``locator``.</doc>
<status status="PASS" start="2024-11-19T08:14:35.239130" elapsed="0.025954"/>
</kw>
<kw name="Replace String" owner="String">
<msg time="2024-11-19T08:14:35.266085" level="INFO">${texte_entete} = Commentaire logistique</msg>
<var>${texte_entete}</var>
<arg>${texte_entete}</arg>
<arg>\n</arg>
<arg>' '</arg>
<doc>Replaces ``search_for`` in the given ``string`` with ``replace_with``.</doc>
<status status="PASS" start="2024-11-19T08:14:35.266085" elapsed="0.000000"/>
</kw>
<kw name="Strip String" owner="String">
<msg time="2024-11-19T08:14:35.268082" level="INFO">${texte_entete} = Commentaire logistique</msg>
<var>${texte_entete}</var>
<arg>${texte_entete}</arg>
<doc>Remove leading and/or trailing whitespaces from the given string.</doc>
<status status="PASS" start="2024-11-19T08:14:35.267083" elapsed="0.000999"/>
</kw>
<kw name="Continue For Loop If" owner="BuiltIn">
<arg>'${texte_entete}' == ''</arg>
<doc>Skips the current FOR loop iteration if the ``condition`` is true.</doc>
<status status="PASS" start="2024-11-19T08:14:35.268082" elapsed="0.000995"/>
</kw>
<kw name="Run Keyword If" owner="BuiltIn">
<arg>'${texte_entete}' in @{textes_entetes}</arg>
<arg>Continue For Loop</arg>
<doc>Runs the given keyword with the given arguments, if ``condition`` is true.</doc>
<status status="PASS" start="2024-11-19T08:14:35.269077" elapsed="0.000996"/>
</kw>
<kw name="Append To List" owner="Collections">
<arg>${textes_entetes}</arg>
<arg>${texte_entete}</arg>
<doc>Adds ``values`` to the end of ``list``.</doc>
<status status="PASS" start="2024-11-19T08:14:35.270073" elapsed="0.000995"/>
</kw>
<var name="${entete}">&lt;selenium.webdriver.remote.webelement.WebElement (session="f8987107aea464b6faba4b99167b7946", element="f.6BFE1A5AB31C0DA4F0140A679FCF7E76.d.E6F64D97EE72FD0CB2C4B4763412CF3C.e.235")&gt;</var>
<status status="PASS" start="2024-11-19T08:14:35.238125" elapsed="0.032943"/>
</iter>
<iter>
<kw name="Get Text" owner="SeleniumLibrary">
<msg time="2024-11-19T08:14:35.298030" level="INFO">${texte_entete} = </msg>
<var>${texte_entete}</var>
<arg>${entete}</arg>
<doc>Returns the text value of the element identified by ``locator``.</doc>
<status status="PASS" start="2024-11-19T08:14:35.271068" elapsed="0.026962"/>
</kw>
<kw name="Replace String" owner="String">
<msg time="2024-11-19T08:14:35.299027" level="INFO">${texte_entete} = </msg>
<var>${texte_entete}</var>
<arg>${texte_entete}</arg>
<arg>\n</arg>
<arg>' '</arg>
<doc>Replaces ``search_for`` in the given ``string`` with ``replace_with``.</doc>
<status status="PASS" start="2024-11-19T08:14:35.299027" elapsed="0.000996"/>
</kw>
<kw name="Strip String" owner="String">
<msg time="2024-11-19T08:14:35.300023" level="INFO">${texte_entete} = </msg>
<var>${texte_entete}</var>
<arg>${texte_entete}</arg>
<doc>Remove leading and/or trailing whitespaces from the given string.</doc>
<status status="PASS" start="2024-11-19T08:14:35.300023" elapsed="0.000996"/>
</kw>
<kw name="Continue For Loop If" owner="BuiltIn">
<msg time="2024-11-19T08:14:35.301019" level="INFO">Continuing for loop from the next iteration.</msg>
<arg>'${texte_entete}' == ''</arg>
<doc>Skips the current FOR loop iteration if the ``condition`` is true.</doc>
<status status="PASS" start="2024-11-19T08:14:35.301019" elapsed="0.000000"/>
</kw>
<kw name="Run Keyword If" owner="BuiltIn">
<arg>'${texte_entete}' in @{textes_entetes}</arg>
<arg>Continue For Loop</arg>
<doc>Runs the given keyword with the given arguments, if ``condition`` is true.</doc>
<status status="NOT RUN" start="2024-11-19T08:14:35.302015" elapsed="0.000000"/>
</kw>
<kw name="Append To List" owner="Collections">
<arg>${textes_entetes}</arg>
<arg>${texte_entete}</arg>
<doc>Adds ``values`` to the end of ``list``.</doc>
<status status="NOT RUN" start="2024-11-19T08:14:35.302015" elapsed="0.000000"/>
</kw>
<var name="${entete}">&lt;selenium.webdriver.remote.webelement.WebElement (session="f8987107aea464b6faba4b99167b7946", element="f.6BFE1A5AB31C0DA4F0140A679FCF7E76.d.E6F64D97EE72FD0CB2C4B4763412CF3C.e.236")&gt;</var>
<status status="PASS" start="2024-11-19T08:14:35.271068" elapsed="0.030947"/>
</iter>
<var>${entete}</var>
<value>@{entetes_colonne}</value>
<status status="PASS" start="2024-11-19T08:14:35.039243" elapsed="0.263769"/>
</for>
<kw name="Execute Javascript" owner="SeleniumLibrary">
<msg time="2024-11-19T08:14:35.304010" level="INFO">Executing JavaScript:
return document.querySelector('.ag-body-horizontal-scroll-viewport').scrollLeft
Without any arguments.</msg>
<msg time="2024-11-19T08:14:35.317278" level="INFO">${current_scroll_position} = 0</msg>
<var>${current_scroll_position}</var>
<arg>return document.querySelector('.ag-body-horizontal-scroll-viewport').scrollLeft</arg>
<doc>Executes the given JavaScript code with possible arguments.</doc>
<status status="PASS" start="2024-11-19T08:14:35.303012" elapsed="0.014266"/>
</kw>
<kw name="Execute Javascript" owner="SeleniumLibrary">
<msg time="2024-11-19T08:14:35.318280" level="INFO">Executing JavaScript:
return document.querySelector('.ag-body-horizontal-scroll-viewport').scrollWidth - document.querySelector('.ag-body-horizontal-scroll-viewport').clientWidth
Without any arguments.</msg>
<msg time="2024-11-19T08:14:35.327934" level="INFO">${max_scroll_position} = 2512</msg>
<var>${max_scroll_position}</var>
<arg>return document.querySelector('.ag-body-horizontal-scroll-viewport').scrollWidth - document.querySelector('.ag-body-horizontal-scroll-viewport').clientWidth</arg>
<doc>Executes the given JavaScript code with possible arguments.</doc>
<status status="PASS" start="2024-11-19T08:14:35.317278" elapsed="0.011692"/>
</kw>
<kw name="Run Keyword If" owner="BuiltIn">
<arg>${current_scroll_position} &gt;= ${max_scroll_position}</arg>
<arg>Exit For Loop</arg>
<doc>Runs the given keyword with the given arguments, if ``condition`` is true.</doc>
<status status="PASS" start="2024-11-19T08:14:35.328970" elapsed="0.001144"/>
</kw>
<kw name="Wait Until Page Contains Element" owner="SeleniumLibrary">
<arg>${HORIZONTAL_SCROLL_ELEMENT_XPATH}</arg>
<doc>Waits until the element ``locator`` appears on the current page.</doc>
<status status="PASS" start="2024-11-19T08:14:35.330114" elapsed="0.019840"/>
</kw>
<kw name="Execute Javascript" owner="SeleniumLibrary">
<msg time="2024-11-19T08:14:35.351951" level="INFO">Executing JavaScript:
document.querySelector('.ag-body-horizontal-scroll-viewport').scrollLeft += document.querySelector('.ag-body-horizontal-scroll-viewport').offsetWidth
Without any arguments.</msg>
<arg>document.querySelector('.ag-body-horizontal-scroll-viewport').scrollLeft += document.querySelector('.ag-body-horizontal-scroll-viewport').offsetWidth</arg>
<doc>Executes the given JavaScript code with possible arguments.</doc>
<status status="PASS" start="2024-11-19T08:14:35.350957" elapsed="0.069411"/>
</kw>
<kw name="Sleep" owner="BuiltIn">
<msg time="2024-11-19T08:14:35.921789" level="INFO">Slept 500 milliseconds.</msg>
<arg>0.5s</arg>
<doc>Pauses the test executed for the given time.</doc>
<status status="PASS" start="2024-11-19T08:14:35.420368" elapsed="0.501927"/>
</kw>
<status status="PASS" start="2024-11-19T08:14:35.024282" elapsed="0.898013"/>
</iter>
<iter>
<kw name="Get WebElements" owner="SeleniumLibrary">
<msg time="2024-11-19T08:14:35.940330" level="INFO">${entetes_colonne} = [&lt;selenium.webdriver.remote.webelement.WebElement (session="f8987107aea464b6faba4b99167b7946", element="f.6BFE1A5AB31C0DA4F0140A679FCF7E76.d.E6F64D97EE72FD0CB2C4B4763412CF3C.e.234")&gt;, &lt;selenium.webdri...</msg>
<var>${entetes_colonne}</var>
<arg>${TABLE_COLUMN_XPATH}</arg>
<doc>Returns a list of WebElement objects matching the ``locator``.</doc>
<status status="PASS" start="2024-11-19T08:14:35.923297" elapsed="0.017033"/>
</kw>
<for flavor="IN">
<iter>
<kw name="Get Text" owner="SeleniumLibrary">
<msg time="2024-11-19T08:14:35.962787" level="INFO">${texte_entete} = </msg>
<var>${texte_entete}</var>
<arg>${entete}</arg>
<doc>Returns the text value of the element identified by ``locator``.</doc>
<status status="PASS" start="2024-11-19T08:14:35.941328" elapsed="0.022498"/>
</kw>
<kw name="Replace String" owner="String">
<msg time="2024-11-19T08:14:35.963826" level="INFO">${texte_entete} = </msg>
<var>${texte_entete}</var>
<arg>${texte_entete}</arg>
<arg>\n</arg>
<arg>' '</arg>
<doc>Replaces ``search_for`` in the given ``string`` with ``replace_with``.</doc>
<status status="PASS" start="2024-11-19T08:14:35.963826" elapsed="0.000000"/>
</kw>
<kw name="Strip String" owner="String">
<msg time="2024-11-19T08:14:35.964845" level="INFO">${texte_entete} = </msg>
<var>${texte_entete}</var>
<arg>${texte_entete}</arg>
<doc>Remove leading and/or trailing whitespaces from the given string.</doc>
<status status="PASS" start="2024-11-19T08:14:35.964845" elapsed="0.000000"/>
</kw>
<kw name="Continue For Loop If" owner="BuiltIn">
<msg time="2024-11-19T08:14:35.965820" level="INFO">Continuing for loop from the next iteration.</msg>
<arg>'${texte_entete}' == ''</arg>
<doc>Skips the current FOR loop iteration if the ``condition`` is true.</doc>
<status status="PASS" start="2024-11-19T08:14:35.964845" elapsed="0.000975"/>
</kw>
<kw name="Run Keyword If" owner="BuiltIn">
<arg>'${texte_entete}' in @{textes_entetes}</arg>
<arg>Continue For Loop</arg>
<doc>Runs the given keyword with the given arguments, if ``condition`` is true.</doc>
<status status="NOT RUN" start="2024-11-19T08:14:35.965820" elapsed="0.000000"/>
</kw>
<kw name="Append To List" owner="Collections">
<arg>${textes_entetes}</arg>
<arg>${texte_entete}</arg>
<doc>Adds ``values`` to the end of ``list``.</doc>
<status status="NOT RUN" start="2024-11-19T08:14:35.965820" elapsed="0.000000"/>
</kw>
<var name="${entete}">&lt;selenium.webdriver.remote.webelement.WebElement (session="f8987107aea464b6faba4b99167b7946", element="f.6BFE1A5AB31C0DA4F0140A679FCF7E76.d.E6F64D97EE72FD0CB2C4B4763412CF3C.e.234")&gt;</var>
<status status="PASS" start="2024-11-19T08:14:35.941328" elapsed="0.024492"/>
</iter>
<iter>
<kw name="Get Text" owner="SeleniumLibrary">
<msg time="2024-11-19T08:14:35.981799" level="INFO">${texte_entete} = Commentaire logistique</msg>
<var>${texte_entete}</var>
<arg>${entete}</arg>
<doc>Returns the text value of the element identified by ``locator``.</doc>
<status status="PASS" start="2024-11-19T08:14:35.966817" elapsed="0.014982"/>
</kw>
<kw name="Replace String" owner="String">
<msg time="2024-11-19T08:14:35.981799" level="INFO">${texte_entete} = Commentaire logistique</msg>
<var>${texte_entete}</var>
<arg>${texte_entete}</arg>
<arg>\n</arg>
<arg>' '</arg>
<doc>Replaces ``search_for`` in the given ``string`` with ``replace_with``.</doc>
<status status="PASS" start="2024-11-19T08:14:35.981799" elapsed="0.000000"/>
</kw>
<kw name="Strip String" owner="String">
<msg time="2024-11-19T08:14:35.982766" level="INFO">${texte_entete} = Commentaire logistique</msg>
<var>${texte_entete}</var>
<arg>${texte_entete}</arg>
<doc>Remove leading and/or trailing whitespaces from the given string.</doc>
<status status="PASS" start="2024-11-19T08:14:35.982766" elapsed="0.000000"/>
</kw>
<kw name="Continue For Loop If" owner="BuiltIn">
<arg>'${texte_entete}' == ''</arg>
<doc>Skips the current FOR loop iteration if the ``condition`` is true.</doc>
<status status="PASS" start="2024-11-19T08:14:35.983289" elapsed="0.000000"/>
</kw>
<kw name="Run Keyword If" owner="BuiltIn">
<kw name="Continue For Loop" owner="BuiltIn">
<msg time="2024-11-19T08:14:35.983289" level="INFO">Continuing for loop from the next iteration.</msg>
<doc>Skips the current FOR loop iteration and continues from the next.</doc>
<status status="PASS" start="2024-11-19T08:14:35.983289" elapsed="0.001039"/>
</kw>
<arg>'${texte_entete}' in @{textes_entetes}</arg>
<arg>Continue For Loop</arg>
<doc>Runs the given keyword with the given arguments, if ``condition`` is true.</doc>
<status status="PASS" start="2024-11-19T08:14:35.983289" elapsed="0.001039"/>
</kw>
<kw name="Append To List" owner="Collections">
<arg>${textes_entetes}</arg>
<arg>${texte_entete}</arg>
<doc>Adds ``values`` to the end of ``list``.</doc>
<status status="NOT RUN" start="2024-11-19T08:14:35.984328" elapsed="0.000000"/>
</kw>
<var name="${entete}">&lt;selenium.webdriver.remote.webelement.WebElement (session="f8987107aea464b6faba4b99167b7946", element="f.6BFE1A5AB31C0DA4F0140A679FCF7E76.d.E6F64D97EE72FD0CB2C4B4763412CF3C.e.235")&gt;</var>
<status status="PASS" start="2024-11-19T08:14:35.966817" elapsed="0.017511"/>
</iter>
<iter>
<kw name="Get Text" owner="SeleniumLibrary">
<msg time="2024-11-19T08:14:35.998267" level="INFO">${texte_entete} = Numéro de parcelle</msg>
<var>${texte_entete}</var>
<arg>${entete}</arg>
<doc>Returns the text value of the element identified by ``locator``.</doc>
<status status="PASS" start="2024-11-19T08:14:35.984328" elapsed="0.014913"/>
</kw>
<kw name="Replace String" owner="String">
<msg time="2024-11-19T08:14:35.999241" level="INFO">${texte_entete} = Numéro de parcelle</msg>
<var>${texte_entete}</var>
<arg>${texte_entete}</arg>
<arg>\n</arg>
<arg>' '</arg>
<doc>Replaces ``search_for`` in the given ``string`` with ``replace_with``.</doc>
<status status="PASS" start="2024-11-19T08:14:35.999241" elapsed="0.000000"/>
</kw>
<kw name="Strip String" owner="String">
<msg time="2024-11-19T08:14:35.999241" level="INFO">${texte_entete} = Numéro de parcelle</msg>
<var>${texte_entete}</var>
<arg>${texte_entete}</arg>
<doc>Remove leading and/or trailing whitespaces from the given string.</doc>
<status status="PASS" start="2024-11-19T08:14:35.999241" elapsed="0.000997"/>
</kw>
<kw name="Continue For Loop If" owner="BuiltIn">
<arg>'${texte_entete}' == ''</arg>
<doc>Skips the current FOR loop iteration if the ``condition`` is true.</doc>
<status status="PASS" start="2024-11-19T08:14:36.000238" elapsed="0.000000"/>
</kw>
<kw name="Run Keyword If" owner="BuiltIn">
<arg>'${texte_entete}' in @{textes_entetes}</arg>
<arg>Continue For Loop</arg>
<doc>Runs the given keyword with the given arguments, if ``condition`` is true.</doc>
<status status="PASS" start="2024-11-19T08:14:36.000238" elapsed="0.000996"/>
</kw>
<kw name="Append To List" owner="Collections">
<arg>${textes_entetes}</arg>
<arg>${texte_entete}</arg>
<doc>Adds ``values`` to the end of ``list``.</doc>
<status status="PASS" start="2024-11-19T08:14:36.001234" elapsed="0.000000"/>
</kw>
<var name="${entete}">&lt;selenium.webdriver.remote.webelement.WebElement (session="f8987107aea464b6faba4b99167b7946", element="f.6BFE1A5AB31C0DA4F0140A679FCF7E76.d.E6F64D97EE72FD0CB2C4B4763412CF3C.e.236")&gt;</var>
<status status="PASS" start="2024-11-19T08:14:35.984328" elapsed="0.016906"/>
</iter>
<iter>
<kw name="Get Text" owner="SeleniumLibrary">
<msg time="2024-11-19T08:14:36.015203" level="INFO">${texte_entete} = Prime 1</msg>
<var>${texte_entete}</var>
<arg>${entete}</arg>
<doc>Returns the text value of the element identified by ``locator``.</doc>
<status status="PASS" start="2024-11-19T08:14:36.002231" elapsed="0.012972"/>
</kw>
<kw name="Replace String" owner="String">
<msg time="2024-11-19T08:14:36.015203" level="INFO">${texte_entete} = Prime 1</msg>
<var>${texte_entete}</var>
<arg>${texte_entete}</arg>
<arg>\n</arg>
<arg>' '</arg>
<doc>Replaces ``search_for`` in the given ``string`` with ``replace_with``.</doc>
<status status="PASS" start="2024-11-19T08:14:36.015203" elapsed="0.000000"/>
</kw>
<kw name="Strip String" owner="String">
<msg time="2024-11-19T08:14:36.016185" level="INFO">${texte_entete} = Prime 1</msg>
<var>${texte_entete}</var>
<arg>${texte_entete}</arg>
<doc>Remove leading and/or trailing whitespaces from the given string.</doc>
<status status="PASS" start="2024-11-19T08:14:36.016185" elapsed="0.000000"/>
</kw>
<kw name="Continue For Loop If" owner="BuiltIn">
<arg>'${texte_entete}' == ''</arg>
<doc>Skips the current FOR loop iteration if the ``condition`` is true.</doc>
<status status="PASS" start="2024-11-19T08:14:36.016185" elapsed="0.000000"/>
</kw>
<kw name="Run Keyword If" owner="BuiltIn">
<arg>'${texte_entete}' in @{textes_entetes}</arg>
<arg>Continue For Loop</arg>
<doc>Runs the given keyword with the given arguments, if ``condition`` is true.</doc>
<status status="PASS" start="2024-11-19T08:14:36.017181" elapsed="0.000000"/>
</kw>
<kw name="Append To List" owner="Collections">
<arg>${textes_entetes}</arg>
<arg>${texte_entete}</arg>
<doc>Adds ``values`` to the end of ``list``.</doc>
<status status="PASS" start="2024-11-19T08:14:36.017181" elapsed="0.000000"/>
</kw>
<var name="${entete}">&lt;selenium.webdriver.remote.webelement.WebElement (session="f8987107aea464b6faba4b99167b7946", element="f.6BFE1A5AB31C0DA4F0140A679FCF7E76.d.E6F64D97EE72FD0CB2C4B4763412CF3C.e.261")&gt;</var>
<status status="PASS" start="2024-11-19T08:14:36.002231" elapsed="0.014950"/>
</iter>
<iter>
<kw name="Get Text" owner="SeleniumLibrary">
<msg time="2024-11-19T08:14:36.034210" level="INFO">${texte_entete} = Prime 2</msg>
<var>${texte_entete}</var>
<arg>${entete}</arg>
<doc>Returns the text value of the element identified by ``locator``.</doc>
<status status="PASS" start="2024-11-19T08:14:36.018178" elapsed="0.016032"/>
</kw>
<kw name="Replace String" owner="String">
<msg time="2024-11-19T08:14:36.034210" level="INFO">${texte_entete} = Prime 2</msg>
<var>${texte_entete}</var>
<arg>${texte_entete}</arg>
<arg>\n</arg>
<arg>' '</arg>
<doc>Replaces ``search_for`` in the given ``string`` with ``replace_with``.</doc>
<status status="PASS" start="2024-11-19T08:14:36.034210" elapsed="0.000000"/>
</kw>
<kw name="Strip String" owner="String">
<msg time="2024-11-19T08:14:36.035264" level="INFO">${texte_entete} = Prime 2</msg>
<var>${texte_entete}</var>
<arg>${texte_entete}</arg>
<doc>Remove leading and/or trailing whitespaces from the given string.</doc>
<status status="PASS" start="2024-11-19T08:14:36.035264" elapsed="0.000000"/>
</kw>
<kw name="Continue For Loop If" owner="BuiltIn">
<arg>'${texte_entete}' == ''</arg>
<doc>Skips the current FOR loop iteration if the ``condition`` is true.</doc>
<status status="PASS" start="2024-11-19T08:14:36.035264" elapsed="0.000000"/>
</kw>
<kw name="Run Keyword If" owner="BuiltIn">
<arg>'${texte_entete}' in @{textes_entetes}</arg>
<arg>Continue For Loop</arg>
<doc>Runs the given keyword with the given arguments, if ``condition`` is true.</doc>
<status status="PASS" start="2024-11-19T08:14:36.036238" elapsed="0.000000"/>
</kw>
<kw name="Append To List" owner="Collections">
<arg>${textes_entetes}</arg>
<arg>${texte_entete}</arg>
<doc>Adds ``values`` to the end of ``list``.</doc>
<status status="PASS" start="2024-11-19T08:14:36.036238" elapsed="0.000000"/>
</kw>
<var name="${entete}">&lt;selenium.webdriver.remote.webelement.WebElement (session="f8987107aea464b6faba4b99167b7946", element="f.6BFE1A5AB31C0DA4F0140A679FCF7E76.d.E6F64D97EE72FD0CB2C4B4763412CF3C.e.262")&gt;</var>
<status status="PASS" start="2024-11-19T08:14:36.018178" elapsed="0.018060"/>
</iter>
<iter>
<kw name="Get Text" owner="SeleniumLibrary">
<msg time="2024-11-19T08:14:36.051796" level="INFO">${texte_entete} = Prime 3</msg>
<var>${texte_entete}</var>
<arg>${entete}</arg>
<doc>Returns the text value of the element identified by ``locator``.</doc>
<status status="PASS" start="2024-11-19T08:14:36.037235" elapsed="0.014561"/>
</kw>
<kw name="Replace String" owner="String">
<msg time="2024-11-19T08:14:36.052796" level="INFO">${texte_entete} = Prime 3</msg>
<var>${texte_entete}</var>
<arg>${texte_entete}</arg>
<arg>\n</arg>
<arg>' '</arg>
<doc>Replaces ``search_for`` in the given ``string`` with ``replace_with``.</doc>
<status status="PASS" start="2024-11-19T08:14:36.052796" elapsed="0.000000"/>
</kw>
<kw name="Strip String" owner="String">
<msg time="2024-11-19T08:14:36.052796" level="INFO">${texte_entete} = Prime 3</msg>
<var>${texte_entete}</var>
<arg>${texte_entete}</arg>
<doc>Remove leading and/or trailing whitespaces from the given string.</doc>
<status status="PASS" start="2024-11-19T08:14:36.052796" elapsed="0.000000"/>
</kw>
<kw name="Continue For Loop If" owner="BuiltIn">
<arg>'${texte_entete}' == ''</arg>
<doc>Skips the current FOR loop iteration if the ``condition`` is true.</doc>
<status status="PASS" start="2024-11-19T08:14:36.053792" elapsed="0.000000"/>
</kw>
<kw name="Run Keyword If" owner="BuiltIn">
<arg>'${texte_entete}' in @{textes_entetes}</arg>
<arg>Continue For Loop</arg>
<doc>Runs the given keyword with the given arguments, if ``condition`` is true.</doc>
<status status="PASS" start="2024-11-19T08:14:36.053792" elapsed="0.000000"/>
</kw>
<kw name="Append To List" owner="Collections">
<arg>${textes_entetes}</arg>
<arg>${texte_entete}</arg>
<doc>Adds ``values`` to the end of ``list``.</doc>
<status status="PASS" start="2024-11-19T08:14:36.053792" elapsed="0.000997"/>
</kw>
<var name="${entete}">&lt;selenium.webdriver.remote.webelement.WebElement (session="f8987107aea464b6faba4b99167b7946", element="f.6BFE1A5AB31C0DA4F0140A679FCF7E76.d.E6F64D97EE72FD0CB2C4B4763412CF3C.e.263")&gt;</var>
<status status="PASS" start="2024-11-19T08:14:36.036238" elapsed="0.018551"/>
</iter>
<iter>
<kw name="Get Text" owner="SeleniumLibrary">
<msg time="2024-11-19T08:14:36.069825" level="INFO">${texte_entete} = Date de semis</msg>
<var>${texte_entete}</var>
<arg>${entete}</arg>
<doc>Returns the text value of the element identified by ``locator``.</doc>
<status status="PASS" start="2024-11-19T08:14:36.054789" elapsed="0.015036"/>
</kw>
<kw name="Replace String" owner="String">
<msg time="2024-11-19T08:14:36.070821" level="INFO">${texte_entete} = Date de semis</msg>
<var>${texte_entete}</var>
<arg>${texte_entete}</arg>
<arg>\n</arg>
<arg>' '</arg>
<doc>Replaces ``search_for`` in the given ``string`` with ``replace_with``.</doc>
<status status="PASS" start="2024-11-19T08:14:36.070821" elapsed="0.000000"/>
</kw>
<kw name="Strip String" owner="String">
<msg time="2024-11-19T08:14:36.070821" level="INFO">${texte_entete} = Date de semis</msg>
<var>${texte_entete}</var>
<arg>${texte_entete}</arg>
<doc>Remove leading and/or trailing whitespaces from the given string.</doc>
<status status="PASS" start="2024-11-19T08:14:36.070821" elapsed="0.000000"/>
</kw>
<kw name="Continue For Loop If" owner="BuiltIn">
<arg>'${texte_entete}' == ''</arg>
<doc>Skips the current FOR loop iteration if the ``condition`` is true.</doc>
<status status="PASS" start="2024-11-19T08:14:36.070821" elapsed="0.001042"/>
</kw>
<kw name="Run Keyword If" owner="BuiltIn">
<arg>'${texte_entete}' in @{textes_entetes}</arg>
<arg>Continue For Loop</arg>
<doc>Runs the given keyword with the given arguments, if ``condition`` is true.</doc>
<status status="PASS" start="2024-11-19T08:14:36.071863" elapsed="0.000000"/>
</kw>
<kw name="Append To List" owner="Collections">
<arg>${textes_entetes}</arg>
<arg>${texte_entete}</arg>
<doc>Adds ``values`` to the end of ``list``.</doc>
<status status="PASS" start="2024-11-19T08:14:36.071863" elapsed="0.000000"/>
</kw>
<var name="${entete}">&lt;selenium.webdriver.remote.webelement.WebElement (session="f8987107aea464b6faba4b99167b7946", element="f.6BFE1A5AB31C0DA4F0140A679FCF7E76.d.E6F64D97EE72FD0CB2C4B4763412CF3C.e.264")&gt;</var>
<status status="PASS" start="2024-11-19T08:14:36.054789" elapsed="0.018101"/>
</iter>
<iter>
<kw name="Get Text" owner="SeleniumLibrary">
<msg time="2024-11-19T08:14:36.087768" level="INFO">${texte_entete} = Parcelle contractualisée</msg>
<var>${texte_entete}</var>
<arg>${entete}</arg>
<doc>Returns the text value of the element identified by ``locator``.</doc>
<status status="PASS" start="2024-11-19T08:14:36.072890" elapsed="0.014878"/>
</kw>
<kw name="Replace String" owner="String">
<msg time="2024-11-19T08:14:36.088769" level="INFO">${texte_entete} = Parcelle contractualisée</msg>
<var>${texte_entete}</var>
<arg>${texte_entete}</arg>
<arg>\n</arg>
<arg>' '</arg>
<doc>Replaces ``search_for`` in the given ``string`` with ``replace_with``.</doc>
<status status="PASS" start="2024-11-19T08:14:36.087768" elapsed="0.001001"/>
</kw>
<kw name="Strip String" owner="String">
<msg time="2024-11-19T08:14:36.088769" level="INFO">${texte_entete} = Parcelle contractualisée</msg>
<var>${texte_entete}</var>
<arg>${texte_entete}</arg>
<doc>Remove leading and/or trailing whitespaces from the given string.</doc>
<status status="PASS" start="2024-11-19T08:14:36.088769" elapsed="0.000000"/>
</kw>
<kw name="Continue For Loop If" owner="BuiltIn">
<arg>'${texte_entete}' == ''</arg>
<doc>Skips the current FOR loop iteration if the ``condition`` is true.</doc>
<status status="PASS" start="2024-11-19T08:14:36.088769" elapsed="0.000996"/>
</kw>
<kw name="Run Keyword If" owner="BuiltIn">
<arg>'${texte_entete}' in @{textes_entetes}</arg>
<arg>Continue For Loop</arg>
<doc>Runs the given keyword with the given arguments, if ``condition`` is true.</doc>
<status status="PASS" start="2024-11-19T08:14:36.089765" elapsed="0.000000"/>
</kw>
<kw name="Append To List" owner="Collections">
<arg>${textes_entetes}</arg>
<arg>${texte_entete}</arg>
<doc>Adds ``values`` to the end of ``list``.</doc>
<status status="PASS" start="2024-11-19T08:14:36.089765" elapsed="0.000999"/>
</kw>
<var name="${entete}">&lt;selenium.webdriver.remote.webelement.WebElement (session="f8987107aea464b6faba4b99167b7946", element="f.6BFE1A5AB31C0DA4F0140A679FCF7E76.d.E6F64D97EE72FD0CB2C4B4763412CF3C.e.265")&gt;</var>
<status status="PASS" start="2024-11-19T08:14:36.072890" elapsed="0.017874"/>
</iter>
<iter>
<kw name="Get Text" owner="SeleniumLibrary">
<msg time="2024-11-19T08:14:36.105798" level="INFO">${texte_entete} = </msg>
<var>${texte_entete}</var>
<arg>${entete}</arg>
<doc>Returns the text value of the element identified by ``locator``.</doc>
<status status="PASS" start="2024-11-19T08:14:36.090764" elapsed="0.015034"/>
</kw>
<kw name="Replace String" owner="String">
<msg time="2024-11-19T08:14:36.106812" level="INFO">${texte_entete} = </msg>
<var>${texte_entete}</var>
<arg>${texte_entete}</arg>
<arg>\n</arg>
<arg>' '</arg>
[...]
<arg>${entete}</arg>
<doc>Returns the text value of the element identified by ``locator``.</doc>
<status status="PASS" start="2024-11-19T08:14:42.261712" elapsed="0.014948"/>
</kw>
<kw name="Replace String" owner="String">
<msg time="2024-11-19T08:14:42.277691" level="INFO">${texte_entete} = Référence Parcelle chez le Tiers</msg>
<var>${texte_entete}</var>
<arg>${texte_entete}</arg>
<arg>\n</arg>
<arg>' '</arg>
<doc>Replaces ``search_for`` in the given ``string`` with ``replace_with``.</doc>
<status status="PASS" start="2024-11-19T08:14:42.277691" elapsed="0.000000"/>
</kw>
<kw name="Strip String" owner="String">
<msg time="2024-11-19T08:14:42.277691" level="INFO">${texte_entete} = Référence Parcelle chez le Tiers</msg>
<var>${texte_entete}</var>
<arg>${texte_entete}</arg>
<doc>Remove leading and/or trailing whitespaces from the given string.</doc>
<status status="PASS" start="2024-11-19T08:14:42.277691" elapsed="0.000000"/>
</kw>
<kw name="Get Text" owner="SeleniumLibrary">
<msg time="2024-11-19T08:14:42.292601" level="INFO">${texte_cellule} = Ref_tiers</msg>
<var>${texte_cellule}</var>
<arg>${cellules}[${index}]</arg>
<doc>Returns the text value of the element identified by ``locator``.</doc>
<status status="PASS" start="2024-11-19T08:14:42.278685" elapsed="0.013916"/>
</kw>
<kw name="Replace String" owner="String">
<msg time="2024-11-19T08:14:42.293613" level="INFO">${texte_cellule} = Ref_tiers</msg>
<var>${texte_cellule}</var>
<arg>${texte_cellule}</arg>
<arg>\n</arg>
<arg>' '</arg>
<doc>Replaces ``search_for`` in the given ``string`` with ``replace_with``.</doc>
<status status="PASS" start="2024-11-19T08:14:42.293613" elapsed="0.000000"/>
</kw>
<kw name="Strip String" owner="String">
<msg time="2024-11-19T08:14:42.294603" level="INFO">${texte_cellule} = Ref_tiers</msg>
<var>${texte_cellule}</var>
<arg>${texte_cellule}</arg>
<doc>Remove leading and/or trailing whitespaces from the given string.</doc>
<status status="PASS" start="2024-11-19T08:14:42.293613" elapsed="0.000990"/>
</kw>
<kw name="Set To Dictionary" owner="Collections">
<arg>${donnees_par_ligne}</arg>
<arg>${texte_entete}</arg>
<arg>${texte_cellule}</arg>
<doc>Adds the given ``key_value_pairs`` and/or ``items`` to the ``dictionary``.</doc>
<status status="PASS" start="2024-11-19T08:14:42.294603" elapsed="0.000000"/>
</kw>
<var name="${index}">3</var>
<var name="${entete}">&lt;selenium.webdriver.remote.webelement.WebElement (session="f8987107aea464b6faba4b99167b7946", element="f.6BFE1A5AB31C0DA4F0140A679FCF7E76.d.E6F64D97EE72FD0CB2C4B4763412CF3C.e.364")&gt;</var>
<status status="PASS" start="2024-11-19T08:14:42.261712" elapsed="0.032891"/>
</iter>
<iter>
<kw name="Get Text" owner="SeleniumLibrary">
<msg time="2024-11-19T08:14:42.310678" level="INFO">${texte_entete} = Coordonnées GPS Latitude</msg>
<var>${texte_entete}</var>
<arg>${entete}</arg>
<doc>Returns the text value of the element identified by ``locator``.</doc>
<status status="PASS" start="2024-11-19T08:14:42.294603" elapsed="0.017049"/>
</kw>
<kw name="Replace String" owner="String">
<msg time="2024-11-19T08:14:42.311652" level="INFO">${texte_entete} = Coordonnées GPS Latitude</msg>
<var>${texte_entete}</var>
<arg>${texte_entete}</arg>
<arg>\n</arg>
<arg>' '</arg>
<doc>Replaces ``search_for`` in the given ``string`` with ``replace_with``.</doc>
<status status="PASS" start="2024-11-19T08:14:42.311652" elapsed="0.000000"/>
</kw>
<kw name="Strip String" owner="String">
<msg time="2024-11-19T08:14:42.312650" level="INFO">${texte_entete} = Coordonnées GPS Latitude</msg>
<var>${texte_entete}</var>
<arg>${texte_entete}</arg>
<doc>Remove leading and/or trailing whitespaces from the given string.</doc>
<status status="PASS" start="2024-11-19T08:14:42.311652" elapsed="0.000998"/>
</kw>
<kw name="Get Text" owner="SeleniumLibrary">
<msg time="2024-11-19T08:14:42.324625" level="INFO">${texte_cellule} = 0</msg>
<var>${texte_cellule}</var>
<arg>${cellules}[${index}]</arg>
<doc>Returns the text value of the element identified by ``locator``.</doc>
<status status="PASS" start="2024-11-19T08:14:42.312650" elapsed="0.011975"/>
</kw>
<kw name="Replace String" owner="String">
<msg time="2024-11-19T08:14:42.325623" level="INFO">${texte_cellule} = 0</msg>
<var>${texte_cellule}</var>
<arg>${texte_cellule}</arg>
<arg>\n</arg>
<arg>' '</arg>
<doc>Replaces ``search_for`` in the given ``string`` with ``replace_with``.</doc>
<status status="PASS" start="2024-11-19T08:14:42.325623" elapsed="0.000000"/>
</kw>
<kw name="Strip String" owner="String">
<msg time="2024-11-19T08:14:42.326621" level="INFO">${texte_cellule} = 0</msg>
<var>${texte_cellule}</var>
<arg>${texte_cellule}</arg>
<doc>Remove leading and/or trailing whitespaces from the given string.</doc>
<status status="PASS" start="2024-11-19T08:14:42.326621" elapsed="0.000000"/>
</kw>
<kw name="Set To Dictionary" owner="Collections">
<arg>${donnees_par_ligne}</arg>
<arg>${texte_entete}</arg>
<arg>${texte_cellule}</arg>
<doc>Adds the given ``key_value_pairs`` and/or ``items`` to the ``dictionary``.</doc>
<status status="PASS" start="2024-11-19T08:14:42.326621" elapsed="0.000000"/>
</kw>
<var name="${index}">4</var>
<var name="${entete}">&lt;selenium.webdriver.remote.webelement.WebElement (session="f8987107aea464b6faba4b99167b7946", element="f.6BFE1A5AB31C0DA4F0140A679FCF7E76.d.E6F64D97EE72FD0CB2C4B4763412CF3C.e.365")&gt;</var>
<status status="PASS" start="2024-11-19T08:14:42.294603" elapsed="0.033013"/>
</iter>
<iter>
<kw name="Get Text" owner="SeleniumLibrary">
<msg time="2024-11-19T08:14:42.343594" level="INFO">${texte_entete} = Coordonnées GPS Longitude</msg>
<var>${texte_entete}</var>
<arg>${entete}</arg>
<doc>Returns the text value of the element identified by ``locator``.</doc>
<status status="PASS" start="2024-11-19T08:14:42.327616" elapsed="0.015978"/>
</kw>
<kw name="Replace String" owner="String">
<msg time="2024-11-19T08:14:42.344592" level="INFO">${texte_entete} = Coordonnées GPS Longitude</msg>
<var>${texte_entete}</var>
<arg>${texte_entete}</arg>
<arg>\n</arg>
<arg>' '</arg>
<doc>Replaces ``search_for`` in the given ``string`` with ``replace_with``.</doc>
<status status="PASS" start="2024-11-19T08:14:42.343594" elapsed="0.000998"/>
</kw>
<kw name="Strip String" owner="String">
<msg time="2024-11-19T08:14:42.344592" level="INFO">${texte_entete} = Coordonnées GPS Longitude</msg>
<var>${texte_entete}</var>
<arg>${texte_entete}</arg>
<doc>Remove leading and/or trailing whitespaces from the given string.</doc>
<status status="PASS" start="2024-11-19T08:14:42.344592" elapsed="0.000000"/>
</kw>
<kw name="Get Text" owner="SeleniumLibrary">
<msg time="2024-11-19T08:14:42.355548" level="INFO">${texte_cellule} = 0</msg>
<var>${texte_cellule}</var>
<arg>${cellules}[${index}]</arg>
<doc>Returns the text value of the element identified by ``locator``.</doc>
<status status="PASS" start="2024-11-19T08:14:42.344592" elapsed="0.010956"/>
</kw>
<kw name="Replace String" owner="String">
<msg time="2024-11-19T08:14:42.356553" level="INFO">${texte_cellule} = 0</msg>
<var>${texte_cellule}</var>
<arg>${texte_cellule}</arg>
<arg>\n</arg>
<arg>' '</arg>
<doc>Replaces ``search_for`` in the given ``string`` with ``replace_with``.</doc>
<status status="PASS" start="2024-11-19T08:14:42.355548" elapsed="0.001005"/>
</kw>
<kw name="Strip String" owner="String">
<msg time="2024-11-19T08:14:42.357084" level="INFO">${texte_cellule} = 0</msg>
<var>${texte_cellule}</var>
<arg>${texte_cellule}</arg>
<doc>Remove leading and/or trailing whitespaces from the given string.</doc>
<status status="PASS" start="2024-11-19T08:14:42.356553" elapsed="0.000531"/>
</kw>
<kw name="Set To Dictionary" owner="Collections">
<arg>${donnees_par_ligne}</arg>
<arg>${texte_entete}</arg>
<arg>${texte_cellule}</arg>
<doc>Adds the given ``key_value_pairs`` and/or ``items`` to the ``dictionary``.</doc>
<status status="PASS" start="2024-11-19T08:14:42.357084" elapsed="0.000000"/>
</kw>
<var name="${index}">5</var>
<var name="${entete}">&lt;selenium.webdriver.remote.webelement.WebElement (session="f8987107aea464b6faba4b99167b7946", element="f.6BFE1A5AB31C0DA4F0140A679FCF7E76.d.E6F64D97EE72FD0CB2C4B4763412CF3C.e.366")&gt;</var>
<status status="PASS" start="2024-11-19T08:14:42.327616" elapsed="0.029468"/>
</iter>
<iter>
<kw name="Get Text" owner="SeleniumLibrary">
<msg time="2024-11-19T08:14:42.372048" level="INFO">${texte_entete} = Récolte</msg>
<var>${texte_entete}</var>
<arg>${entete}</arg>
<doc>Returns the text value of the element identified by ``locator``.</doc>
<status status="PASS" start="2024-11-19T08:14:42.358094" elapsed="0.013954"/>
</kw>
<kw name="Replace String" owner="String">
<msg time="2024-11-19T08:14:42.373071" level="INFO">${texte_entete} = Récolte</msg>
<var>${texte_entete}</var>
<arg>${texte_entete}</arg>
<arg>\n</arg>
<arg>' '</arg>
<doc>Replaces ``search_for`` in the given ``string`` with ``replace_with``.</doc>
<status status="PASS" start="2024-11-19T08:14:42.372048" elapsed="0.001023"/>
</kw>
<kw name="Strip String" owner="String">
<msg time="2024-11-19T08:14:42.373071" level="INFO">${texte_entete} = Récolte</msg>
<var>${texte_entete}</var>
<arg>${texte_entete}</arg>
<doc>Remove leading and/or trailing whitespaces from the given string.</doc>
<status status="PASS" start="2024-11-19T08:14:42.373071" elapsed="0.000000"/>
</kw>
<kw name="Get Text" owner="SeleniumLibrary">
<msg time="2024-11-19T08:14:42.385030" level="INFO">${texte_cellule} = 24 / 2024</msg>
<var>${texte_cellule}</var>
<arg>${cellules}[${index}]</arg>
<doc>Returns the text value of the element identified by ``locator``.</doc>
<status status="PASS" start="2024-11-19T08:14:42.373071" elapsed="0.011959"/>
</kw>
<kw name="Replace String" owner="String">
<msg time="2024-11-19T08:14:42.386027" level="INFO">${texte_cellule} = 24 / 2024</msg>
<var>${texte_cellule}</var>
<arg>${texte_cellule}</arg>
<arg>\n</arg>
<arg>' '</arg>
<doc>Replaces ``search_for`` in the given ``string`` with ``replace_with``.</doc>
<status status="PASS" start="2024-11-19T08:14:42.385030" elapsed="0.000997"/>
</kw>
<kw name="Strip String" owner="String">
<msg time="2024-11-19T08:14:42.386027" level="INFO">${texte_cellule} = 24 / 2024</msg>
<var>${texte_cellule}</var>
<arg>${texte_cellule}</arg>
<doc>Remove leading and/or trailing whitespaces from the given string.</doc>
<status status="PASS" start="2024-11-19T08:14:42.386027" elapsed="0.000000"/>
</kw>
<kw name="Set To Dictionary" owner="Collections">
<arg>${donnees_par_ligne}</arg>
<arg>${texte_entete}</arg>
<arg>${texte_cellule}</arg>
<doc>Adds the given ``key_value_pairs`` and/or ``items`` to the ``dictionary``.</doc>
<status status="PASS" start="2024-11-19T08:14:42.387031" elapsed="0.000000"/>
</kw>
<var name="${index}">6</var>
<var name="${entete}">&lt;selenium.webdriver.remote.webelement.WebElement (session="f8987107aea464b6faba4b99167b7946", element="f.6BFE1A5AB31C0DA4F0140A679FCF7E76.d.E6F64D97EE72FD0CB2C4B4763412CF3C.e.367")&gt;</var>
<status status="PASS" start="2024-11-19T08:14:42.357084" elapsed="0.029947"/>
</iter>
<iter>
<kw name="Get Text" owner="SeleniumLibrary">
<msg time="2024-11-19T08:14:42.400633" level="INFO">${texte_entete} = Certification forcée</msg>
<var>${texte_entete}</var>
<arg>${entete}</arg>
<doc>Returns the text value of the element identified by ``locator``.</doc>
<status status="PASS" start="2024-11-19T08:14:42.387031" elapsed="0.013602"/>
</kw>
<kw name="Replace String" owner="String">
<msg time="2024-11-19T08:14:42.401627" level="INFO">${texte_entete} = Certification forcée</msg>
<var>${texte_entete}</var>
<arg>${texte_entete}</arg>
<arg>\n</arg>
<arg>' '</arg>
<doc>Replaces ``search_for`` in the given ``string`` with ``replace_with``.</doc>
<status status="PASS" start="2024-11-19T08:14:42.401627" elapsed="0.000000"/>
</kw>
<kw name="Strip String" owner="String">
<msg time="2024-11-19T08:14:42.401627" level="INFO">${texte_entete} = Certification forcée</msg>
<var>${texte_entete}</var>
<arg>${texte_entete}</arg>
<doc>Remove leading and/or trailing whitespaces from the given string.</doc>
<status status="PASS" start="2024-11-19T08:14:42.401627" elapsed="0.000000"/>
</kw>
<kw name="Get Text" owner="SeleniumLibrary">
<msg time="2024-11-19T08:14:42.412588" level="INFO">${texte_cellule} = </msg>
<var>${texte_cellule}</var>
<arg>${cellules}[${index}]</arg>
<doc>Returns the text value of the element identified by ``locator``.</doc>
<status status="PASS" start="2024-11-19T08:14:42.402666" elapsed="0.009922"/>
</kw>
<kw name="Replace String" owner="String">
<msg time="2024-11-19T08:14:42.412588" level="INFO">${texte_cellule} = </msg>
<var>${texte_cellule}</var>
<arg>${texte_cellule}</arg>
<arg>\n</arg>
<arg>' '</arg>
<doc>Replaces ``search_for`` in the given ``string`` with ``replace_with``.</doc>
<status status="PASS" start="2024-11-19T08:14:42.412588" elapsed="0.000000"/>
</kw>
<kw name="Strip String" owner="String">
<msg time="2024-11-19T08:14:42.413585" level="INFO">${texte_cellule} = </msg>
<var>${texte_cellule}</var>
<arg>${texte_cellule}</arg>
<doc>Remove leading and/or trailing whitespaces from the given string.</doc>
<status status="PASS" start="2024-11-19T08:14:42.413585" elapsed="0.000000"/>
</kw>
<kw name="Set To Dictionary" owner="Collections">
<arg>${donnees_par_ligne}</arg>
<arg>${texte_entete}</arg>
<arg>${texte_cellule}</arg>
<doc>Adds the given ``key_value_pairs`` and/or ``items`` to the ``dictionary``.</doc>
<status status="PASS" start="2024-11-19T08:14:42.413585" elapsed="0.000000"/>
</kw>
<var name="${index}">7</var>
<var name="${entete}">&lt;selenium.webdriver.remote.webelement.WebElement (session="f8987107aea464b6faba4b99167b7946", element="f.6BFE1A5AB31C0DA4F0140A679FCF7E76.d.E6F64D97EE72FD0CB2C4B4763412CF3C.e.368")&gt;</var>
<status status="PASS" start="2024-11-19T08:14:42.387031" elapsed="0.026554"/>
</iter>
<var>${index}</var>
<var>${entete}</var>
<value>@{entetes_colonne}</value>
<status status="PASS" start="2024-11-19T08:14:42.160158" elapsed="0.253427"/>
</for>
<kw name="Execute Javascript" owner="SeleniumLibrary">
<msg time="2024-11-19T08:14:42.414581" level="INFO">Executing JavaScript:
return document.querySelector('.ag-body-horizontal-scroll-viewport').scrollLeft
Without any arguments.</msg>
<msg time="2024-11-19T08:14:42.421558" level="INFO">${current_scroll_position} = 2512</msg>
<var>${current_scroll_position}</var>
<arg>return document.querySelector('.ag-body-horizontal-scroll-viewport').scrollLeft</arg>
<doc>Executes the given JavaScript code with possible arguments.</doc>
<status status="PASS" start="2024-11-19T08:14:42.414581" elapsed="0.006977"/>
</kw>
<kw name="Execute Javascript" owner="SeleniumLibrary">
<msg time="2024-11-19T08:14:42.421558" level="INFO">Executing JavaScript:
return document.querySelector('.ag-body-horizontal-scroll-viewport').scrollWidth - document.querySelector('.ag-body-horizontal-scroll-viewport').clientWidth
Without any arguments.</msg>
<msg time="2024-11-19T08:14:42.427549" level="INFO">${max_scroll_position} = 2512</msg>
<var>${max_scroll_position}</var>
<arg>return document.querySelector('.ag-body-horizontal-scroll-viewport').scrollWidth - document.querySelector('.ag-body-horizontal-scroll-viewport').clientWidth</arg>
<doc>Executes the given JavaScript code with possible arguments.</doc>
<status status="PASS" start="2024-11-19T08:14:42.421558" elapsed="0.006980"/>
</kw>
<kw name="Run Keyword If" owner="BuiltIn">
<kw name="Exit For Loop" owner="BuiltIn">
<msg time="2024-11-19T08:14:42.428538" level="INFO">Exiting for loop altogether.</msg>
<doc>Stops executing the enclosing FOR loop.</doc>
<status status="PASS" start="2024-11-19T08:14:42.428538" elapsed="0.000000"/>
</kw>
<arg>${current_scroll_position} &gt;= ${max_scroll_position}</arg>
<arg>Exit For Loop</arg>
<doc>Runs the given keyword with the given arguments, if ``condition`` is true.</doc>
<status status="PASS" start="2024-11-19T08:14:42.428538" elapsed="0.000996"/>
</kw>
<kw name="Wait Until Page Contains Element" owner="SeleniumLibrary">
<arg>${HORIZONTAL_SCROLL_ELEMENT_XPATH}</arg>
<doc>Waits until the element ``locator`` appears on the current page.</doc>
<status status="NOT RUN" start="2024-11-19T08:14:42.429534" elapsed="0.000000"/>
</kw>
<kw name="Execute Javascript" owner="SeleniumLibrary">
<arg>document.querySelector('.ag-body-horizontal-scroll-viewport').scrollLeft += document.querySelector('.ag-body-horizontal-scroll-viewport').offsetWidth</arg>
<doc>Executes the given JavaScript code with possible arguments.</doc>
<status status="NOT RUN" start="2024-11-19T08:14:42.429534" elapsed="0.000000"/>
</kw>
<kw name="Sleep" owner="BuiltIn">
<arg>0.5s</arg>
<doc>Pauses the test executed for the given time.</doc>
<status status="NOT RUN" start="2024-11-19T08:14:42.429534" elapsed="0.000000"/>
</kw>
<status status="PASS" start="2024-11-19T08:14:42.131542" elapsed="0.297992"/>
</iter>
<status status="PASS" start="2024-11-19T08:14:40.430141" elapsed="2.000392"/>
</while>
<kw name="Log" owner="BuiltIn">
<msg time="2024-11-19T08:14:42.430533" level="INFO">{'Tiers': "106757 / BRIANTAIS' '(1)", 'Toutes coupes': '', 'Espèce': 'LUZ / LUZERNE', 'Surface parcelle HA': '25', 'Commune': '35264 / ST DIDIER', 'Accessibilité à la Parcelle': '', 'Commentaire logistique': '', '': '', 'Numéro de parcelle': '14053', 'Prime 1': '', 'Prime 2': '', 'Prime 3': '', 'Date de semis': '', 'Parcelle contractualisée': '', 'Site prévisionnel': 'AD / Atelier DOMAGNE', 'Référence Parcelle chez le Tiers': 'Ref_tiers', 'Coordonnées GPS Latitude': '0', 'Coordonnées GPS Longitude': '0', 'Récolte': '24 / 2024', 'Certification forcée': ''}</msg>
<arg>${donnees_par_ligne}</arg>
<doc>Logs the given message with the given level.</doc>
<status status="PASS" start="2024-11-19T08:14:42.430533" elapsed="0.000000"/>
</kw>
<kw name="Should Not Be Empty" owner="BuiltIn">
<msg time="2024-11-19T08:14:42.431528" level="INFO">Length is 20.</msg>
<arg>${donnees_par_ligne}</arg>
<doc>Verifies that the given item is not empty.</doc>
<status status="PASS" start="2024-11-19T08:14:42.430533" elapsed="0.000995"/>
</kw>
<status status="PASS" start="2024-11-19T08:14:40.428164" elapsed="2.003364"/>
</kw>
<kw name="When l'utilisateur clique sur la ligne correspondant à la parcelle" owner="Deshy_01_Creation_parcelle">
<kw name="Execute Javascript" owner="SeleniumLibrary">
<msg time="2024-11-19T08:14:42.432524" level="INFO">Executing JavaScript:
var updatedRow = document.evaluate("//*[contains(text(), 'Ref_tiers')]", document, null, XPathResult.FIRST_ORDERED_NODE_TYPE, null).singleNodeValue;if (updatedRow) { updatedRow.click(); } else { console.log('Ligne non trouvée'); }
Without any arguments.</msg>
<arg>var updatedRow = document.evaluate("//*[contains(text(), '${Ref-tiers}')]", document, null, XPathResult.FIRST_ORDERED_NODE_TYPE, null).singleNodeValue;</arg>
<arg>if (updatedRow) { updatedRow.click(); } else { console.log('Ligne non trouvée'); }</arg>
<doc>Executes the given JavaScript code with possible arguments.</doc>
<status status="PASS" start="2024-11-19T08:14:42.432524" elapsed="0.084758"/>
</kw>
<status status="PASS" start="2024-11-19T08:14:42.431528" elapsed="0.085754"/>
</kw>
<status status="PASS" start="2024-11-19T08:12:33.423381" elapsed="129.094899"/>
</test>
<status status="PASS" start="2024-11-19T08:12:32.758224" elapsed="129.761052"/>
</suite>
<statistics>
<total>
<stat pass="1" fail="0" skip="0">All Tests</stat>
</total>
<tag>
</tag>
<suite>
<stat pass="1" fail="0" skip="0" id="s1" name="TestDeshydratation">TestDeshydratation</stat>
</suite>
</statistics>
<errors>
<msg time="2024-11-19T08:12:33.764667" level="WARN">The chromedriver version (130.0.6723.69) detected in PATH at C:\Users\EZWAY\PycharmProjects\Déshydratation_PRIOS\chromedriver-win64 (1)\chromedriver.exe might not be compatible with the detected chrome version (131.0.6778.70); currently, chromedriver 131.0.6778.69 is recommended for chrome 131.*, so it is advised to delete the driver in PATH and retry</msg>
</errors>
</robot>
