<?xml version="1.0" encoding="UTF-8"?>
<robot generator="Robot 7.1 (Python 3.12.4 on win32)" generated="2024-10-23T09:25:38.112380" rpa="false" schemaversion="5">
<suite id="s1" name="Test" source="C:\Users\EZWAY\Desktop\Nouveau dossier\PycharmProjects\pythonProject1\Test\test.robot">
<test id="s1-t1" name="Login And Navigate To Ordres De Livraison" line="28">
<kw name="Open Browser With Options">
<kw name="Evaluate" owner="BuiltIn">
<msg time="2024-10-23T09:25:38.877093" level="INFO">${options} = &lt;selenium.webdriver.chrome.options.Options object at 0x000001D746745B50&gt;</msg>
<var>${options}</var>
<arg>sys.modules['selenium.webdriver'].ChromeOptions()</arg>
<arg>sys, selenium.webdriver</arg>
<doc>Evaluates the given expression in Python and returns the result.</doc>
<status status="PASS" start="2024-10-23T09:25:38.876098" elapsed="0.001987"/>
</kw>
<kw name="Call Method" owner="BuiltIn">
<arg>${options}</arg>
<arg>add_argument</arg>
<arg>--no-first-run</arg>
<doc>Calls the named method of the given object with the provided arguments.</doc>
<status status="PASS" start="2024-10-23T09:25:38.879081" elapsed="0.000000"/>
</kw>
<kw name="Call Method" owner="BuiltIn">
<arg>${options}</arg>
<arg>add_argument</arg>
<arg>--no-default-browser-check</arg>
<doc>Calls the named method of the given object with the provided arguments.</doc>
<status status="PASS" start="2024-10-23T09:25:38.879081" elapsed="0.000996"/>
</kw>
<kw name="Call Method" owner="BuiltIn">
<arg>${options}</arg>
<arg>add_argument</arg>
<arg>--disable-default-apps</arg>
<doc>Calls the named method of the given object with the provided arguments.</doc>
<status status="PASS" start="2024-10-23T09:25:38.880077" elapsed="0.000000"/>
</kw>
<kw name="Call Method" owner="BuiltIn">
<arg>${options}</arg>
<arg>add_argument</arg>
<arg>--disable-popup-blocking</arg>
<doc>Calls the named method of the given object with the provided arguments.</doc>
<status status="PASS" start="2024-10-23T09:25:38.880077" elapsed="0.000997"/>
</kw>
<kw name="Evaluate" owner="BuiltIn">
<msg time="2024-10-23T09:25:38.881074" level="INFO">${prefs} = {'profile.default_content_setting_values.geolocation': 1, 'profile.default_content_setting_values.notifications': 2}</msg>
<var>${prefs}</var>
<arg>{'profile.default_content_setting_values.geolocation': 1, 'profile.default_content_setting_values.notifications': 2}</arg>
<doc>Evaluates the given expression in Python and returns the result.</doc>
<status status="PASS" start="2024-10-23T09:25:38.881074" elapsed="0.000000"/>
</kw>
<kw name="Call Method" owner="BuiltIn">
<arg>${options}</arg>
<arg>add_experimental_option</arg>
<arg>prefs</arg>
<arg>${prefs}</arg>
<doc>Calls the named method of the given object with the provided arguments.</doc>
<status status="PASS" start="2024-10-23T09:25:38.881074" elapsed="0.000996"/>
</kw>
<kw name="Create Webdriver" owner="SeleniumLibrary">
<msg time="2024-10-23T09:25:38.882574" level="INFO">Creating an instance of the Chrome WebDriver.</msg>
<msg time="2024-10-23T09:25:39.233225" level="WARN">The chromedriver version (128.0.6613.86) detected in PATH at C:\Users\EZWAY\Desktop\Nouveau dossier\Prios\Prios\chromedriver-win64\chromedriver.exe might not be compatible with the detected chrome version (129.0.6668.101); currently, chromedriver 129.0.6668.100 is recommended for chrome 129.*, so it is advised to delete the driver in PATH and retry</msg>
<arg>Chrome</arg>
<arg>options=${options}</arg>
<doc>Creates an instance of Selenium WebDriver.</doc>
<status status="PASS" start="2024-10-23T09:25:38.882070" elapsed="1.456364"/>
</kw>
<kw name="Go To" owner="SeleniumLibrary">
<msg time="2024-10-23T09:25:40.338434" level="INFO">Opening url 'https://portail-0015.cloud-prios.fr/'</msg>
<arg>${url}</arg>
<doc>Navigates the current browser window to the provided ``url``.</doc>
<status status="PASS" start="2024-10-23T09:25:40.338434" elapsed="11.579745"/>
</kw>
<kw name="Maximize Browser Window" owner="SeleniumLibrary">
<doc>Maximizes current browser window.</doc>
<status status="PASS" start="2024-10-23T09:25:51.918179" elapsed="0.029017"/>
</kw>
<arg>${URL}</arg>
<status status="PASS" start="2024-10-23T09:25:38.875100" elapsed="13.073091"/>
</kw>
<kw name="Input Username" owner="login_page">
<kw name="Wait Until Element Is Visible" owner="SeleniumLibrary">
<arg>xpath=//*[@id="i0116"]</arg>
<arg>30s</arg>
<doc>Waits until the element ``locator`` is visible.</doc>
<status status="PASS" start="2024-10-23T09:25:51.950185" elapsed="0.964879"/>
</kw>
<kw name="Log" owner="BuiltIn">
<msg time="2024-10-23T09:25:52.916063" level="INFO">Inputting username</msg>
<arg>Inputting username</arg>
<doc>Logs the given message with the given level.</doc>
<status status="PASS" start="2024-10-23T09:25:52.915064" elapsed="0.000999"/>
</kw>
<kw name="Input Text" owner="SeleniumLibrary">
<msg time="2024-10-23T09:25:52.917482" level="INFO">Typing text 'prios.qa1@prios.fr' into text field 'xpath=//*[@id="i0116"]'.</msg>
<arg>xpath=//*[@id="i0116"]</arg>
<arg>${username}</arg>
<doc>Types the given ``text`` into the text field identified by ``locator``.</doc>
<status status="PASS" start="2024-10-23T09:25:52.917482" elapsed="0.156954"/>
</kw>
<arg>${USERNAME}</arg>
<status status="PASS" start="2024-10-23T09:25:51.949189" elapsed="1.125247"/>
</kw>
<kw name="Capture Page Screenshot" owner="SeleniumLibrary">
<msg time="2024-10-23T09:25:53.182784" level="INFO" html="true">&lt;/td&gt;&lt;/tr&gt;&lt;tr&gt;&lt;td colspan="3"&gt;&lt;a href="user_name.png"&gt;&lt;img src="user_name.png" width="800px"&gt;&lt;/a&gt;</msg>
<arg>user_name.png</arg>
<doc>Takes a screenshot of the current page and embeds it into a log file.</doc>
<status status="PASS" start="2024-10-23T09:25:53.074436" elapsed="0.108348"/>
</kw>
<kw name="Click Login Button" owner="login_page">
<kw name="Wait Until Element Is Visible" owner="SeleniumLibrary">
<arg>xpath=//*[@id="idSIButton9"]</arg>
<arg>30s</arg>
<doc>Waits until the element ``locator`` is visible.</doc>
<status status="PASS" start="2024-10-23T09:25:53.183828" elapsed="0.019363"/>
</kw>
<kw name="Log" owner="BuiltIn">
<msg time="2024-10-23T09:25:53.203191" level="INFO">Clicking login button</msg>
<arg>Clicking login button</arg>
<doc>Logs the given message with the given level.</doc>
<status status="PASS" start="2024-10-23T09:25:53.203191" elapsed="0.000000"/>
</kw>
<kw name="Click Element" owner="SeleniumLibrary">
<msg time="2024-10-23T09:25:53.204702" level="INFO">Clicking element 'xpath=//*[@id="idSIButton9"]'.</msg>
<arg>xpath=//*[@id="idSIButton9"]</arg>
<doc>Click the element identified by ``locator``.</doc>
<status status="PASS" start="2024-10-23T09:25:53.204186" elapsed="0.053677"/>
</kw>
<status status="PASS" start="2024-10-23T09:25:53.182784" elapsed="0.076076"/>
</kw>
<kw name="Input Password" owner="login_page">
<kw name="Wait Until Element Is Visible" owner="SeleniumLibrary">
<arg>xpath=//*[@id="i0118"]</arg>
<arg>30s</arg>
<doc>Waits until the element ``locator`` is visible.</doc>
<status status="PASS" start="2024-10-23T09:25:53.259373" elapsed="1.122394"/>
</kw>
<kw name="Log" owner="BuiltIn">
<msg time="2024-10-23T09:25:54.383175" level="INFO">Inputting password</msg>
<arg>Inputting password</arg>
<doc>Logs the given message with the given level.</doc>
<status status="PASS" start="2024-10-23T09:25:54.383175" elapsed="0.000000"/>
</kw>
<kw name="Input Text" owner="SeleniumLibrary">
<msg time="2024-10-23T09:25:54.384178" level="INFO">Typing text 'Ezw@171M' into text field 'xpath=//*[@id="i0118"]'.</msg>
<arg>xpath=//*[@id="i0118"]</arg>
<arg>${password}</arg>
<doc>Types the given ``text`` into the text field identified by ``locator``.</doc>
<status status="PASS" start="2024-10-23T09:25:54.383175" elapsed="0.072756"/>
</kw>
<arg>${PASSWORD}</arg>
<status status="PASS" start="2024-10-23T09:25:53.258860" elapsed="1.198516"/>
</kw>
<kw name="Capture Page Screenshot" owner="SeleniumLibrary">
<msg time="2024-10-23T09:25:54.577835" level="INFO" html="true">&lt;/td&gt;&lt;/tr&gt;&lt;tr&gt;&lt;td colspan="3"&gt;&lt;a href="password.png"&gt;&lt;img src="password.png" width="800px"&gt;&lt;/a&gt;</msg>
<arg>password.png</arg>
<doc>Takes a screenshot of the current page and embeds it into a log file.</doc>
<status status="PASS" start="2024-10-23T09:25:54.457376" elapsed="0.120459"/>
</kw>
<kw name="Click Login Button" owner="login_page">
<kw name="Wait Until Element Is Visible" owner="SeleniumLibrary">
<arg>xpath=//*[@id="idSIButton9"]</arg>
<arg>30s</arg>
<doc>Waits until the element ``locator`` is visible.</doc>
<status status="PASS" start="2024-10-23T09:25:54.578873" elapsed="0.028239"/>
</kw>
<kw name="Log" owner="BuiltIn">
<msg time="2024-10-23T09:25:54.608109" level="INFO">Clicking login button</msg>
<arg>Clicking login button</arg>
<doc>Logs the given message with the given level.</doc>
<status status="PASS" start="2024-10-23T09:25:54.607112" elapsed="0.000997"/>
</kw>
<kw name="Click Element" owner="SeleniumLibrary">
<msg time="2024-10-23T09:25:54.608109" level="INFO">Clicking element 'xpath=//*[@id="idSIButton9"]'.</msg>
<arg>xpath=//*[@id="idSIButton9"]</arg>
<doc>Click the element identified by ``locator``.</doc>
<status status="PASS" start="2024-10-23T09:25:54.608109" elapsed="20.747070"/>
</kw>
<status status="PASS" start="2024-10-23T09:25:54.578873" elapsed="20.777308"/>
</kw>
<kw name="Given L'utilisateur se trouve sur la page &quot;Plateformes métier&quot;" owner="01_AM_Vente">
<kw name="Wait Until Page Contains" owner="SeleniumLibrary">
<arg>Plateformes</arg>
<arg>10s</arg>
<doc>Waits until ``text`` appears on the current page.</doc>
<status status="PASS" start="2024-10-23T09:26:15.357176" elapsed="0.857444"/>
</kw>
<doc>Vérifie que l'utilisateur est sur la page "Plateformes métier".</doc>
<status status="PASS" start="2024-10-23T09:26:15.356181" elapsed="0.858439"/>
</kw>
<kw name="When L'utilisateur sélectionne l'option &quot;PRIOS Agriculture&quot; dans la section &quot;Plateformes métier&quot;" owner="01_AM_Vente">
<kw name="Wait Until Element Is Visible" owner="SeleniumLibrary">
<arg>xpath=/html/body/pr-root/pr-main/div/pr-grid-main/div/div/div/div[1]/div[2]/div/div/div/div[1]/div[3]</arg>
<arg>10s</arg>
<doc>Waits until the element ``locator`` is visible.</doc>
<status status="PASS" start="2024-10-23T09:26:16.215617" elapsed="0.666648"/>
</kw>
<kw name="Click Element" owner="SeleniumLibrary">
<msg time="2024-10-23T09:26:16.883261" level="INFO">Clicking element 'xpath=/html/body/pr-root/pr-main/div/pr-grid-main/div/div/div/div[1]/div[2]/div/div/div/div[1]/div[3]'.</msg>
<arg>xpath=/html/body/pr-root/pr-main/div/pr-grid-main/div/div/div/div[1]/div[2]/div/div/div/div[1]/div[3]</arg>
<doc>Click the element identified by ``locator``.</doc>
<status status="PASS" start="2024-10-23T09:26:16.882265" elapsed="0.103277"/>
</kw>
<doc>Sélectionne l'option "PRIOS Agriculture" sur la page.</doc>
<status status="PASS" start="2024-10-23T09:26:16.214620" elapsed="0.770922"/>
</kw>
<kw name="Then Il est redirigé vers une nouvelle page avec les menus de navigation" owner="01_AM_Vente">
<kw name="Wait Until Page Contains" owner="SeleniumLibrary">
<arg>Prios</arg>
<arg>100s</arg>
<doc>Waits until ``text`` appears on the current page.</doc>
<status status="PASS" start="2024-10-23T09:26:16.987334" elapsed="0.016818"/>
</kw>
<doc>Vérifie que la nouvelle page contient le texte spécifique pour confirmer la redirection.</doc>
<status status="PASS" start="2024-10-23T09:26:16.986537" elapsed="0.017615"/>
</kw>
<kw name="Then Les menus de navigation affichent les options suivantes dans les premières &quot;8&quot; options :" owner="01_AM_Vente">
<kw name="Get Window Handles" owner="SeleniumLibrary">
<msg time="2024-10-23T09:26:17.011649" level="INFO">${handles} = ['8731F4C3FB8DE71E920DC49BB823441B', '819FF37DAA21F52B726612C8C2D7A509']</msg>
<var>${handles}</var>
<doc>Returns all child window handles of the selected browser as a list.</doc>
<status status="PASS" start="2024-10-23T09:26:17.005664" elapsed="0.005985"/>
</kw>
<kw name="Switch Window" owner="SeleniumLibrary">
<arg>${handles}[-1]</arg>
<doc>Switches to browser window matching ``locator``.</doc>
<status status="PASS" start="2024-10-23T09:26:17.011649" elapsed="0.077512"/>
</kw>
<kw name="Sleep" owner="BuiltIn">
<msg time="2024-10-23T09:27:57.089424" level="INFO">Slept 1 minute 40 seconds.</msg>
<arg>100s</arg>
<doc>Pauses the test executed for the given time.</doc>
<status status="PASS" start="2024-10-23T09:26:17.089161" elapsed="100.001283"/>
</kw>
<for flavor="IN">
<iter>
<kw name="Log" owner="BuiltIn">
<msg time="2024-10-23T09:27:57.093482" level="INFO">Vérification de l'option : PRIOS Satelit (SATF AS)</msg>
<arg>Vérification de l'option : ${option}</arg>
<doc>Logs the given message with the given level.</doc>
<status status="PASS" start="2024-10-23T09:27:57.092438" elapsed="0.001044"/>
</kw>
<kw name="Execute Javascript" owner="SeleniumLibrary">
<msg time="2024-10-23T09:27:57.094468" level="INFO">Executing JavaScript:
document.evaluate("//*[contains(text(), 'PRIOS Satelit (SATF AS)')]", document, null, XPathResult.FIRST_ORDERED_NODE_TYPE, null).singleNodeValue.scrollIntoView(true);
Without any arguments.</msg>
<arg>document.evaluate("//*[contains(text(), '${option}')]", document, null, XPathResult.FIRST_ORDERED_NODE_TYPE, null).singleNodeValue.scrollIntoView(true);</arg>
<doc>Executes the given JavaScript code with possible arguments.</doc>
<status status="PASS" start="2024-10-23T09:27:57.093482" elapsed="35.645389"/>
</kw>
<kw name="Wait Until Element Is Visible" owner="SeleniumLibrary">
<arg>xpath=//*[contains(text(), '${option}')]</arg>
<arg>timeout=100s</arg>
<doc>Waits until the element ``locator`` is visible.</doc>
<status status="PASS" start="2024-10-23T09:28:32.739245" elapsed="0.052617"/>
</kw>
<kw name="Execute Javascript" owner="SeleniumLibrary">
<msg time="2024-10-23T09:28:32.792854" level="INFO">Executing JavaScript:
return document.evaluate("//*[contains(text(), 'PRIOS Satelit (SATF AS)')]", document, null, XPathResult.FIRST_ORDERED_NODE_TYPE, null).singleNodeValue;
Without any arguments.</msg>
<msg time="2024-10-23T09:28:32.804961" level="INFO">${element_found} = &lt;selenium.webdriver.remote.webelement.WebElement (session="863e61a965854a968b1f57a71e7e343e", element="f.819FF37DAA21F52B726612C8C2D7A509.d.4ED9A7DCEBF95FCFF689264288AED437.e.50")&gt;</msg>
<var>${element_found}</var>
<arg>return document.evaluate("//*[contains(text(), '${option}')]", document, null, XPathResult.FIRST_ORDERED_NODE_TYPE, null).singleNodeValue;</arg>
<doc>Executes the given JavaScript code with possible arguments.</doc>
<status status="PASS" start="2024-10-23T09:28:32.792854" elapsed="0.012107"/>
</kw>
<kw name="Run Keyword If" owner="BuiltIn">
<kw name="Log" owner="BuiltIn">
<msg time="2024-10-23T09:28:32.805956" level="INFO">Option PRIOS Satelit (SATF AS) trouvée.</msg>
<arg>Option ${option} trouvée.</arg>
<doc>Logs the given message with the given level.</doc>
<status status="PASS" start="2024-10-23T09:28:32.805956" elapsed="0.000000"/>
</kw>
<arg>'${element_found}' != 'None'</arg>
<arg>Log</arg>
<arg>Option ${option} trouvée.</arg>
<doc>Runs the given keyword with the given arguments, if ``condition`` is true.</doc>
<status status="PASS" start="2024-10-23T09:28:32.805956" elapsed="0.000000"/>
</kw>
<kw name="Run Keyword If" owner="BuiltIn">
<arg>'${element_found}' == 'None'</arg>
<arg>Fail</arg>
<arg>Option ${option} non trouvée.</arg>
<doc>Runs the given keyword with the given arguments, if ``condition`` is true.</doc>
<status status="PASS" start="2024-10-23T09:28:32.805956" elapsed="0.000996"/>
</kw>
<var name="${option}">PRIOS Satelit (SATF AS)</var>
<status status="PASS" start="2024-10-23T09:27:57.091437" elapsed="35.715515"/>
</iter>
<iter>
<kw name="Log" owner="BuiltIn">
<msg time="2024-10-23T09:28:32.806952" level="INFO">Vérification de l'option : PRIOS A-M Base</msg>
<arg>Vérification de l'option : ${option}</arg>
<doc>Logs the given message with the given level.</doc>
<status status="PASS" start="2024-10-23T09:28:32.806952" elapsed="0.000000"/>
</kw>
<kw name="Execute Javascript" owner="SeleniumLibrary">
<msg time="2024-10-23T09:28:32.807949" level="INFO">Executing JavaScript:
document.evaluate("//*[contains(text(), 'PRIOS A-M Base')]", document, null, XPathResult.FIRST_ORDERED_NODE_TYPE, null).singleNodeValue.scrollIntoView(true);
Without any arguments.</msg>
<arg>document.evaluate("//*[contains(text(), '${option}')]", document, null, XPathResult.FIRST_ORDERED_NODE_TYPE, null).singleNodeValue.scrollIntoView(true);</arg>
<doc>Executes the given JavaScript code with possible arguments.</doc>
<status status="PASS" start="2024-10-23T09:28:32.807949" elapsed="0.013003"/>
</kw>
<kw name="Wait Until Element Is Visible" owner="SeleniumLibrary">
<arg>xpath=//*[contains(text(), '${option}')]</arg>
<arg>timeout=100s</arg>
<doc>Waits until the element ``locator`` is visible.</doc>
<status status="PASS" start="2024-10-23T09:28:32.820952" elapsed="0.036786"/>
</kw>
<kw name="Execute Javascript" owner="SeleniumLibrary">
<msg time="2024-10-23T09:28:32.858726" level="INFO">Executing JavaScript:
return document.evaluate("//*[contains(text(), 'PRIOS A-M Base')]", document, null, XPathResult.FIRST_ORDERED_NODE_TYPE, null).singleNodeValue;
Without any arguments.</msg>
<msg time="2024-10-23T09:28:32.874173" level="INFO">${element_found} = &lt;selenium.webdriver.remote.webelement.WebElement (session="863e61a965854a968b1f57a71e7e343e", element="f.819FF37DAA21F52B726612C8C2D7A509.d.4ED9A7DCEBF95FCFF689264288AED437.e.51")&gt;</msg>
<var>${element_found}</var>
<arg>return document.evaluate("//*[contains(text(), '${option}')]", document, null, XPathResult.FIRST_ORDERED_NODE_TYPE, null).singleNodeValue;</arg>
<doc>Executes the given JavaScript code with possible arguments.</doc>
<status status="PASS" start="2024-10-23T09:28:32.858726" elapsed="0.015447"/>
</kw>
<kw name="Run Keyword If" owner="BuiltIn">
<kw name="Log" owner="BuiltIn">
<msg time="2024-10-23T09:28:32.875169" level="INFO">Option PRIOS A-M Base trouvée.</msg>
<arg>Option ${option} trouvée.</arg>
<doc>Logs the given message with the given level.</doc>
<status status="PASS" start="2024-10-23T09:28:32.875169" elapsed="0.000000"/>
</kw>
<arg>'${element_found}' != 'None'</arg>
<arg>Log</arg>
<arg>Option ${option} trouvée.</arg>
<doc>Runs the given keyword with the given arguments, if ``condition`` is true.</doc>
<status status="PASS" start="2024-10-23T09:28:32.874173" elapsed="0.000996"/>
</kw>
<kw name="Run Keyword If" owner="BuiltIn">
<arg>'${element_found}' == 'None'</arg>
<arg>Fail</arg>
<arg>Option ${option} non trouvée.</arg>
<doc>Runs the given keyword with the given arguments, if ``condition`` is true.</doc>
<status status="PASS" start="2024-10-23T09:28:32.876165" elapsed="0.000000"/>
</kw>
<var name="${option}">PRIOS A-M Base</var>
<status status="PASS" start="2024-10-23T09:28:32.806952" elapsed="0.069213"/>
</iter>
<iter>
<kw name="Log" owner="BuiltIn">
<msg time="2024-10-23T09:28:32.877162" level="INFO">Vérification de l'option : PRIOS A-M Bandes</msg>
<arg>Vérification de l'option : ${option}</arg>
<doc>Logs the given message with the given level.</doc>
<status status="PASS" start="2024-10-23T09:28:32.877162" elapsed="0.000000"/>
</kw>
<kw name="Execute Javascript" owner="SeleniumLibrary">
<msg time="2024-10-23T09:28:32.878158" level="INFO">Executing JavaScript:
document.evaluate("//*[contains(text(), 'PRIOS A-M Bandes')]", document, null, XPathResult.FIRST_ORDERED_NODE_TYPE, null).singleNodeValue.scrollIntoView(true);
Without any arguments.</msg>
<arg>document.evaluate("//*[contains(text(), '${option}')]", document, null, XPathResult.FIRST_ORDERED_NODE_TYPE, null).singleNodeValue.scrollIntoView(true);</arg>
<doc>Executes the given JavaScript code with possible arguments.</doc>
<status status="PASS" start="2024-10-23T09:28:32.877162" elapsed="0.013955"/>
</kw>
<kw name="Wait Until Element Is Visible" owner="SeleniumLibrary">
<arg>xpath=//*[contains(text(), '${option}')]</arg>
<arg>timeout=100s</arg>
<doc>Waits until the element ``locator`` is visible.</doc>
<status status="PASS" start="2024-10-23T09:28:32.891117" elapsed="0.042087"/>
</kw>
<kw name="Execute Javascript" owner="SeleniumLibrary">
<msg time="2024-10-23T09:28:32.934224" level="INFO">Executing JavaScript:
return document.evaluate("//*[contains(text(), 'PRIOS A-M Bandes')]", document, null, XPathResult.FIRST_ORDERED_NODE_TYPE, null).singleNodeValue;
Without any arguments.</msg>
<msg time="2024-10-23T09:28:32.946185" level="INFO">${element_found} = &lt;selenium.webdriver.remote.webelement.WebElement (session="863e61a965854a968b1f57a71e7e343e", element="f.819FF37DAA21F52B726612C8C2D7A509.d.4ED9A7DCEBF95FCFF689264288AED437.e.52")&gt;</msg>
<var>${element_found}</var>
<arg>return document.evaluate("//*[contains(text(), '${option}')]", document, null, XPathResult.FIRST_ORDERED_NODE_TYPE, null).singleNodeValue;</arg>
<doc>Executes the given JavaScript code with possible arguments.</doc>
<status status="PASS" start="2024-10-23T09:28:32.934224" elapsed="0.011961"/>
</kw>
<kw name="Run Keyword If" owner="BuiltIn">
<kw name="Log" owner="BuiltIn">
<msg time="2024-10-23T09:28:32.946185" level="INFO">Option PRIOS A-M Bandes trouvée.</msg>
<arg>Option ${option} trouvée.</arg>
<doc>Logs the given message with the given level.</doc>
<status status="PASS" start="2024-10-23T09:28:32.946185" elapsed="0.000996"/>
</kw>
<arg>'${element_found}' != 'None'</arg>
<arg>Log</arg>
<arg>Option ${option} trouvée.</arg>
<doc>Runs the given keyword with the given arguments, if ``condition`` is true.</doc>
<status status="PASS" start="2024-10-23T09:28:32.946185" elapsed="0.000996"/>
</kw>
<kw name="Run Keyword If" owner="BuiltIn">
<arg>'${element_found}' == 'None'</arg>
<arg>Fail</arg>
<arg>Option ${option} non trouvée.</arg>
<doc>Runs the given keyword with the given arguments, if ``condition`` is true.</doc>
<status status="PASS" start="2024-10-23T09:28:32.947181" elapsed="0.000000"/>
</kw>
<var name="${option}">PRIOS A-M Bandes</var>
<status status="PASS" start="2024-10-23T09:28:32.876165" elapsed="0.071016"/>
</iter>
<iter>
<kw name="Log" owner="BuiltIn">
<msg time="2024-10-23T09:28:32.948177" level="INFO">Vérification de l'option : PRIOS A-M Achats</msg>
<arg>Vérification de l'option : ${option}</arg>
<doc>Logs the given message with the given level.</doc>
<status status="PASS" start="2024-10-23T09:28:32.947181" elapsed="0.000996"/>
</kw>
<kw name="Execute Javascript" owner="SeleniumLibrary">
<msg time="2024-10-23T09:28:32.948177" level="INFO">Executing JavaScript:
document.evaluate("//*[contains(text(), 'PRIOS A-M Achats')]", document, null, XPathResult.FIRST_ORDERED_NODE_TYPE, null).singleNodeValue.scrollIntoView(true);
Without any arguments.</msg>
<arg>document.evaluate("//*[contains(text(), '${option}')]", document, null, XPathResult.FIRST_ORDERED_NODE_TYPE, null).singleNodeValue.scrollIntoView(true);</arg>
<doc>Executes the given JavaScript code with possible arguments.</doc>
<status status="PASS" start="2024-10-23T09:28:32.948177" elapsed="0.012438"/>
</kw>
<kw name="Wait Until Element Is Visible" owner="SeleniumLibrary">
<arg>xpath=//*[contains(text(), '${option}')]</arg>
<arg>timeout=100s</arg>
<doc>Waits until the element ``locator`` is visible.</doc>
<status status="PASS" start="2024-10-23T09:28:32.960615" elapsed="0.036702"/>
</kw>
<kw name="Execute Javascript" owner="SeleniumLibrary">
<msg time="2024-10-23T09:28:32.998317" level="INFO">Executing JavaScript:
return document.evaluate("//*[contains(text(), 'PRIOS A-M Achats')]", document, null, XPathResult.FIRST_ORDERED_NODE_TYPE, null).singleNodeValue;
Without any arguments.</msg>
<msg time="2024-10-23T09:28:33.009282" level="INFO">${element_found} = &lt;selenium.webdriver.remote.webelement.WebElement (session="863e61a965854a968b1f57a71e7e343e", element="f.819FF37DAA21F52B726612C8C2D7A509.d.4ED9A7DCEBF95FCFF689264288AED437.e.53")&gt;</msg>
<var>${element_found}</var>
<arg>return document.evaluate("//*[contains(text(), '${option}')]", document, null, XPathResult.FIRST_ORDERED_NODE_TYPE, null).singleNodeValue;</arg>
<doc>Executes the given JavaScript code with possible arguments.</doc>
<status status="PASS" start="2024-10-23T09:28:32.997317" elapsed="0.011965"/>
</kw>
<kw name="Run Keyword If" owner="BuiltIn">
<kw name="Log" owner="BuiltIn">
<msg time="2024-10-23T09:28:33.011276" level="INFO">Option PRIOS A-M Achats trouvée.</msg>
<arg>Option ${option} trouvée.</arg>
<doc>Logs the given message with the given level.</doc>
<status status="PASS" start="2024-10-23T09:28:33.010307" elapsed="0.000969"/>
</kw>
<arg>'${element_found}' != 'None'</arg>
<arg>Log</arg>
<arg>Option ${option} trouvée.</arg>
<doc>Runs the given keyword with the given arguments, if ``condition`` is true.</doc>
<status status="PASS" start="2024-10-23T09:28:33.010307" elapsed="0.000969"/>
</kw>
<kw name="Run Keyword If" owner="BuiltIn">
<arg>'${element_found}' == 'None'</arg>
<arg>Fail</arg>
<arg>Option ${option} non trouvée.</arg>
<doc>Runs the given keyword with the given arguments, if ``condition`` is true.</doc>
<status status="PASS" start="2024-10-23T09:28:33.011276" elapsed="0.000998"/>
</kw>
<var name="${option}">PRIOS A-M Achats</var>
<status status="PASS" start="2024-10-23T09:28:32.947181" elapsed="0.065093"/>
</iter>
<iter>
<kw name="Log" owner="BuiltIn">
<msg time="2024-10-23T09:28:33.013269" level="INFO">Vérification de l'option : PRIOS A-M Stocks</msg>
<arg>Vérification de l'option : ${option}</arg>
<doc>Logs the given message with the given level.</doc>
<status status="PASS" start="2024-10-23T09:28:33.012274" elapsed="0.000995"/>
</kw>
<kw name="Execute Javascript" owner="SeleniumLibrary">
<msg time="2024-10-23T09:28:33.013269" level="INFO">Executing JavaScript:
document.evaluate("//*[contains(text(), 'PRIOS A-M Stocks')]", document, null, XPathResult.FIRST_ORDERED_NODE_TYPE, null).singleNodeValue.scrollIntoView(true);
Without any arguments.</msg>
<arg>document.evaluate("//*[contains(text(), '${option}')]", document, null, XPathResult.FIRST_ORDERED_NODE_TYPE, null).singleNodeValue.scrollIntoView(true);</arg>
<doc>Executes the given JavaScript code with possible arguments.</doc>
<status status="PASS" start="2024-10-23T09:28:33.013269" elapsed="0.012955"/>
</kw>
<kw name="Wait Until Element Is Visible" owner="SeleniumLibrary">
<arg>xpath=//*[contains(text(), '${option}')]</arg>
<arg>timeout=100s</arg>
<doc>Waits until the element ``locator`` is visible.</doc>
<status status="PASS" start="2024-10-23T09:28:33.026224" elapsed="0.039963"/>
</kw>
<kw name="Execute Javascript" owner="SeleniumLibrary">
<msg time="2024-10-23T09:28:33.068179" level="INFO">Executing JavaScript:
return document.evaluate("//*[contains(text(), 'PRIOS A-M Stocks')]", document, null, XPathResult.FIRST_ORDERED_NODE_TYPE, null).singleNodeValue;
Without any arguments.</msg>
<msg time="2024-10-23T09:28:33.080143" level="INFO">${element_found} = &lt;selenium.webdriver.remote.webelement.WebElement (session="863e61a965854a968b1f57a71e7e343e", element="f.819FF37DAA21F52B726612C8C2D7A509.d.4ED9A7DCEBF95FCFF689264288AED437.e.54")&gt;</msg>
<var>${element_found}</var>
<arg>return document.evaluate("//*[contains(text(), '${option}')]", document, null, XPathResult.FIRST_ORDERED_NODE_TYPE, null).singleNodeValue;</arg>
<doc>Executes the given JavaScript code with possible arguments.</doc>
<status status="PASS" start="2024-10-23T09:28:33.066187" elapsed="0.014952"/>
</kw>
<kw name="Run Keyword If" owner="BuiltIn">
<kw name="Log" owner="BuiltIn">
<msg time="2024-10-23T09:28:33.081139" level="INFO">Option PRIOS A-M Stocks trouvée.</msg>
<arg>Option ${option} trouvée.</arg>
<doc>Logs the given message with the given level.</doc>
<status status="PASS" start="2024-10-23T09:28:33.081139" elapsed="0.001004"/>
</kw>
<arg>'${element_found}' != 'None'</arg>
<arg>Log</arg>
<arg>Option ${option} trouvée.</arg>
<doc>Runs the given keyword with the given arguments, if ``condition`` is true.</doc>
<status status="PASS" start="2024-10-23T09:28:33.081139" elapsed="0.001004"/>
</kw>
<kw name="Run Keyword If" owner="BuiltIn">
<arg>'${element_found}' == 'None'</arg>
<arg>Fail</arg>
<arg>Option ${option} non trouvée.</arg>
<doc>Runs the given keyword with the given arguments, if ``condition`` is true.</doc>
<status status="PASS" start="2024-10-23T09:28:33.082143" elapsed="0.000000"/>
</kw>
<var name="${option}">PRIOS A-M Stocks</var>
<status status="PASS" start="2024-10-23T09:28:33.012274" elapsed="0.069869"/>
</iter>
<iter>
<kw name="Log" owner="BuiltIn">
<msg time="2024-10-23T09:28:33.083132" level="INFO">Vérification de l'option : PRIOS A-M Ventes</msg>
<arg>Vérification de l'option : ${option}</arg>
<doc>Logs the given message with the given level.</doc>
<status status="PASS" start="2024-10-23T09:28:33.083132" elapsed="0.000000"/>
</kw>
<kw name="Execute Javascript" owner="SeleniumLibrary">
<msg time="2024-10-23T09:28:33.084124" level="INFO">Executing JavaScript:
document.evaluate("//*[contains(text(), 'PRIOS A-M Ventes')]", document, null, XPathResult.FIRST_ORDERED_NODE_TYPE, null).singleNodeValue.scrollIntoView(true);
Without any arguments.</msg>
<arg>document.evaluate("//*[contains(text(), '${option}')]", document, null, XPathResult.FIRST_ORDERED_NODE_TYPE, null).singleNodeValue.scrollIntoView(true);</arg>
<doc>Executes the given JavaScript code with possible arguments.</doc>
<status status="PASS" start="2024-10-23T09:28:33.083132" elapsed="0.010965"/>
</kw>
<kw name="Wait Until Element Is Visible" owner="SeleniumLibrary">
<arg>xpath=//*[contains(text(), '${option}')]</arg>
<arg>timeout=100s</arg>
<doc>Waits until the element ``locator`` is visible.</doc>
<status status="PASS" start="2024-10-23T09:28:33.095097" elapsed="0.041573"/>
</kw>
<kw name="Execute Javascript" owner="SeleniumLibrary">
<msg time="2024-10-23T09:28:33.137667" level="INFO">Executing JavaScript:
return document.evaluate("//*[contains(text(), 'PRIOS A-M Ventes')]", document, null, XPathResult.FIRST_ORDERED_NODE_TYPE, null).singleNodeValue;
Without any arguments.</msg>
<msg time="2024-10-23T09:28:33.151637" level="INFO">${element_found} = &lt;selenium.webdriver.remote.webelement.WebElement (session="863e61a965854a968b1f57a71e7e343e", element="f.819FF37DAA21F52B726612C8C2D7A509.d.4ED9A7DCEBF95FCFF689264288AED437.e.55")&gt;</msg>
<var>${element_found}</var>
<arg>return document.evaluate("//*[contains(text(), '${option}')]", document, null, XPathResult.FIRST_ORDERED_NODE_TYPE, null).singleNodeValue;</arg>
<doc>Executes the given JavaScript code with possible arguments.</doc>
<status status="PASS" start="2024-10-23T09:28:33.136670" elapsed="0.014967"/>
</kw>
<kw name="Run Keyword If" owner="BuiltIn">
<kw name="Log" owner="BuiltIn">
<msg time="2024-10-23T09:28:33.153115" level="INFO">Option PRIOS A-M Ventes trouvée.</msg>
<arg>Option ${option} trouvée.</arg>
<doc>Logs the given message with the given level.</doc>
<status status="PASS" start="2024-10-23T09:28:33.152598" elapsed="0.000517"/>
</kw>
<arg>'${element_found}' != 'None'</arg>
<arg>Log</arg>
<arg>Option ${option} trouvée.</arg>
<doc>Runs the given keyword with the given arguments, if ``condition`` is true.</doc>
<status status="PASS" start="2024-10-23T09:28:33.151637" elapsed="0.001478"/>
</kw>
<kw name="Run Keyword If" owner="BuiltIn">
<arg>'${element_found}' == 'None'</arg>
<arg>Fail</arg>
<arg>Option ${option} non trouvée.</arg>
<doc>Runs the given keyword with the given arguments, if ``condition`` is true.</doc>
<status status="PASS" start="2024-10-23T09:28:33.153115" elapsed="0.000000"/>
</kw>
<var name="${option}">PRIOS A-M Ventes</var>
<status status="PASS" start="2024-10-23T09:28:33.082143" elapsed="0.070972"/>
</iter>
<iter>
<kw name="Log" owner="BuiltIn">
<msg time="2024-10-23T09:28:33.154133" level="INFO">Vérification de l'option : PRIOS A-M Céréales</msg>
<arg>Vérification de l'option : ${option}</arg>
<doc>Logs the given message with the given level.</doc>
<status status="PASS" start="2024-10-23T09:28:33.154133" elapsed="0.000000"/>
</kw>
<kw name="Execute Javascript" owner="SeleniumLibrary">
<msg time="2024-10-23T09:28:33.155124" level="INFO">Executing JavaScript:
document.evaluate("//*[contains(text(), 'PRIOS A-M Céréales')]", document, null, XPathResult.FIRST_ORDERED_NODE_TYPE, null).singleNodeValue.scrollIntoView(true);
Without any arguments.</msg>
<arg>document.evaluate("//*[contains(text(), '${option}')]", document, null, XPathResult.FIRST_ORDERED_NODE_TYPE, null).singleNodeValue.scrollIntoView(true);</arg>
<doc>Executes the given JavaScript code with possible arguments.</doc>
<status status="PASS" start="2024-10-23T09:28:33.154133" elapsed="0.008972"/>
</kw>
<kw name="Wait Until Element Is Visible" owner="SeleniumLibrary">
<arg>xpath=//*[contains(text(), '${option}')]</arg>
<arg>timeout=100s</arg>
<doc>Waits until the element ``locator`` is visible.</doc>
<status status="PASS" start="2024-10-23T09:28:33.163105" elapsed="0.033882"/>
</kw>
<kw name="Execute Javascript" owner="SeleniumLibrary">
<msg time="2024-10-23T09:28:33.197981" level="INFO">Executing JavaScript:
return document.evaluate("//*[contains(text(), 'PRIOS A-M Céréales')]", document, null, XPathResult.FIRST_ORDERED_NODE_TYPE, null).singleNodeValue;
Without any arguments.</msg>
<msg time="2024-10-23T09:28:33.208638" level="INFO">${element_found} = &lt;selenium.webdriver.remote.webelement.WebElement (session="863e61a965854a968b1f57a71e7e343e", element="f.819FF37DAA21F52B726612C8C2D7A509.d.4ED9A7DCEBF95FCFF689264288AED437.e.56")&gt;</msg>
<var>${element_found}</var>
<arg>return document.evaluate("//*[contains(text(), '${option}')]", document, null, XPathResult.FIRST_ORDERED_NODE_TYPE, null).singleNodeValue;</arg>
<doc>Executes the given JavaScript code with possible arguments.</doc>
<status status="PASS" start="2024-10-23T09:28:33.196987" elapsed="0.011651"/>
</kw>
<kw name="Run Keyword If" owner="BuiltIn">
<kw name="Log" owner="BuiltIn">
<msg time="2024-10-23T09:28:33.210637" level="INFO">Option PRIOS A-M Céréales trouvée.</msg>
<arg>Option ${option} trouvée.</arg>
<doc>Logs the given message with the given level.</doc>
<status status="PASS" start="2024-10-23T09:28:33.209660" elapsed="0.000977"/>
</kw>
<arg>'${element_found}' != 'None'</arg>
<arg>Log</arg>
<arg>Option ${option} trouvée.</arg>
<doc>Runs the given keyword with the given arguments, if ``condition`` is true.</doc>
<status status="PASS" start="2024-10-23T09:28:33.209660" elapsed="0.000977"/>
</kw>
<kw name="Run Keyword If" owner="BuiltIn">
<arg>'${element_found}' == 'None'</arg>
<arg>Fail</arg>
<arg>Option ${option} non trouvée.</arg>
<doc>Runs the given keyword with the given arguments, if ``condition`` is true.</doc>
<status status="PASS" start="2024-10-23T09:28:33.210637" elapsed="0.000000"/>
</kw>
<var name="${option}">PRIOS A-M Céréales</var>
<status status="PASS" start="2024-10-23T09:28:33.153115" elapsed="0.057522"/>
</iter>
<iter>
<kw name="Log" owner="BuiltIn">
<msg time="2024-10-23T09:28:33.211633" level="INFO">Vérification de l'option : PRIOS A-M Prix de revient</msg>
<arg>Vérification de l'option : ${option}</arg>
<doc>Logs the given message with the given level.</doc>
<status status="PASS" start="2024-10-23T09:28:33.211633" elapsed="0.000000"/>
</kw>
<kw name="Execute Javascript" owner="SeleniumLibrary">
<msg time="2024-10-23T09:28:33.212630" level="INFO">Executing JavaScript:
document.evaluate("//*[contains(text(), 'PRIOS A-M Prix de revient')]", document, null, XPathResult.FIRST_ORDERED_NODE_TYPE, null).singleNodeValue.scrollIntoView(true);
Without any arguments.</msg>
<arg>document.evaluate("//*[contains(text(), '${option}')]", document, null, XPathResult.FIRST_ORDERED_NODE_TYPE, null).singleNodeValue.scrollIntoView(true);</arg>
<doc>Executes the given JavaScript code with possible arguments.</doc>
<status status="PASS" start="2024-10-23T09:28:33.211633" elapsed="0.010959"/>
</kw>
<kw name="Wait Until Element Is Visible" owner="SeleniumLibrary">
<arg>xpath=//*[contains(text(), '${option}')]</arg>
<arg>timeout=100s</arg>
<doc>Waits until the element ``locator`` is visible.</doc>
<status status="PASS" start="2024-10-23T09:28:33.222592" elapsed="0.032345"/>
</kw>
<kw name="Execute Javascript" owner="SeleniumLibrary">
<msg time="2024-10-23T09:28:33.254937" level="INFO">Executing JavaScript:
return document.evaluate("//*[contains(text(), 'PRIOS A-M Prix de revient')]", document, null, XPathResult.FIRST_ORDERED_NODE_TYPE, null).singleNodeValue;
Without any arguments.</msg>
<msg time="2024-10-23T09:28:33.266945" level="INFO">${element_found} = &lt;selenium.webdriver.remote.webelement.WebElement (session="863e61a965854a968b1f57a71e7e343e", element="f.819FF37DAA21F52B726612C8C2D7A509.d.4ED9A7DCEBF95FCFF689264288AED437.e.57")&gt;</msg>
<var>${element_found}</var>
<arg>return document.evaluate("//*[contains(text(), '${option}')]", document, null, XPathResult.FIRST_ORDERED_NODE_TYPE, null).singleNodeValue;</arg>
<doc>Executes the given JavaScript code with possible arguments.</doc>
<status status="PASS" start="2024-10-23T09:28:33.254937" elapsed="0.013005"/>
</kw>
<kw name="Run Keyword If" owner="BuiltIn">
<kw name="Log" owner="BuiltIn">
<msg time="2024-10-23T09:28:33.269934" level="INFO">Option PRIOS A-M Prix de revient trouvée.</msg>
<arg>Option ${option} trouvée.</arg>
<doc>Logs the given message with the given level.</doc>
<status status="PASS" start="2024-10-23T09:28:33.269934" elapsed="0.000999"/>
</kw>
<arg>'${element_found}' != 'None'</arg>
<arg>Log</arg>
<arg>Option ${option} trouvée.</arg>
<doc>Runs the given keyword with the given arguments, if ``condition`` is true.</doc>
<status status="PASS" start="2024-10-23T09:28:33.268944" elapsed="0.001989"/>
</kw>
<kw name="Run Keyword If" owner="BuiltIn">
<arg>'${element_found}' == 'None'</arg>
<arg>Fail</arg>
<arg>Option ${option} non trouvée.</arg>
<doc>Runs the given keyword with the given arguments, if ``condition`` is true.</doc>
<status status="PASS" start="2024-10-23T09:28:33.270933" elapsed="0.000000"/>
</kw>
<var name="${option}">PRIOS A-M Prix de revient</var>
<status status="PASS" start="2024-10-23T09:28:33.211633" elapsed="0.060297"/>
</iter>
<var>${option}</var>
<value>@{OPTIONS}</value>
<status status="PASS" start="2024-10-23T09:27:57.090444" elapsed="36.181486"/>
</for>
<doc>Vérifie que les 8 options spécifiées sont présentes dans le menu.</doc>
<status status="PASS" start="2024-10-23T09:26:17.005664" elapsed="136.266266"/>
</kw>
<kw name="Then Les menus de navigation affichent les options suivantes :" owner="01_AM_Vente">
<for flavor="IN">
<iter>
<kw name="Log" owner="BuiltIn">
<msg time="2024-10-23T09:28:33.273923" level="INFO">Vérification de l'option : PRIOS A-M Déclarations</msg>
<arg>Vérification de l'option : ${option2}</arg>
<doc>Logs the given message with the given level.</doc>
<status status="PASS" start="2024-10-23T09:28:33.272932" elapsed="0.000991"/>
</kw>
<kw name="Execute Javascript" owner="SeleniumLibrary">
<msg time="2024-10-23T09:28:33.275936" level="INFO">Executing JavaScript:
document.evaluate("//*[contains(text(), 'PRIOS A-M Déclarations')]", document, null, XPathResult.FIRST_ORDERED_NODE_TYPE, null).singleNodeValue.scrollIntoView(true);
Without any arguments.</msg>
<arg>document.evaluate("//*[contains(text(), '${option2}')]", document, null, XPathResult.FIRST_ORDERED_NODE_TYPE, null).singleNodeValue.scrollIntoView(true);</arg>
<doc>Executes the given JavaScript code with possible arguments.</doc>
<status status="PASS" start="2024-10-23T09:28:33.273923" elapsed="0.011987"/>
</kw>
<kw name="Wait Until Element Is Visible" owner="SeleniumLibrary">
<arg>xpath=//*[contains(text(), '${option2}')]</arg>
<arg>timeout=100s</arg>
<doc>Waits until the element ``locator`` is visible.</doc>
<status status="PASS" start="2024-10-23T09:28:33.285910" elapsed="0.035793"/>
</kw>
<kw name="Execute Javascript" owner="SeleniumLibrary">
<msg time="2024-10-23T09:28:33.322705" level="INFO">Executing JavaScript:
return document.evaluate("//*[contains(text(), 'PRIOS A-M Déclarations')]", document, null, XPathResult.FIRST_ORDERED_NODE_TYPE, null).singleNodeValue;
Without any arguments.</msg>
<msg time="2024-10-23T09:28:33.333921" level="INFO">${element_found} = &lt;selenium.webdriver.remote.webelement.WebElement (session="863e61a965854a968b1f57a71e7e343e", element="f.819FF37DAA21F52B726612C8C2D7A509.d.4ED9A7DCEBF95FCFF689264288AED437.e.58")&gt;</msg>
<var>${element_found}</var>
<arg>return document.evaluate("//*[contains(text(), '${option2}')]", document, null, XPathResult.FIRST_ORDERED_NODE_TYPE, null).singleNodeValue;</arg>
<doc>Executes the given JavaScript code with possible arguments.</doc>
<status status="PASS" start="2024-10-23T09:28:33.322705" elapsed="0.011216"/>
</kw>
<kw name="Run Keyword If" owner="BuiltIn">
<kw name="Log" owner="BuiltIn">
<msg time="2024-10-23T09:28:33.334921" level="INFO">Option PRIOS A-M Déclarations trouvée.</msg>
<arg>Option ${option2} trouvée.</arg>
<doc>Logs the given message with the given level.</doc>
<status status="PASS" start="2024-10-23T09:28:33.334921" elapsed="0.000000"/>
</kw>
<arg>'${element_found}' != 'None'</arg>
<arg>Log</arg>
<arg>Option ${option2} trouvée.</arg>
<doc>Runs the given keyword with the given arguments, if ``condition`` is true.</doc>
<status status="PASS" start="2024-10-23T09:28:33.333921" elapsed="0.001994"/>
</kw>
<kw name="Run Keyword If" owner="BuiltIn">
<arg>'${element_found}' == 'None'</arg>
<arg>Fail</arg>
<arg>Option ${option2} non trouvée.</arg>
<doc>Runs the given keyword with the given arguments, if ``condition`` is true.</doc>
<status status="PASS" start="2024-10-23T09:28:33.335915" elapsed="0.000000"/>
</kw>
<var name="${option2}">PRIOS A-M Déclarations</var>
<status status="PASS" start="2024-10-23T09:28:33.272932" elapsed="0.063984"/>
</iter>
<iter>
<kw name="Log" owner="BuiltIn">
<msg time="2024-10-23T09:28:33.336916" level="INFO">Vérification de l'option : PRIOS A-M Traçabilité</msg>
<arg>Vérification de l'option : ${option2}</arg>
<doc>Logs the given message with the given level.</doc>
<status status="PASS" start="2024-10-23T09:28:33.336916" elapsed="0.000000"/>
</kw>
<kw name="Execute Javascript" owner="SeleniumLibrary">
<msg time="2024-10-23T09:28:33.337912" level="INFO">Executing JavaScript:
document.evaluate("//*[contains(text(), 'PRIOS A-M Traçabilité')]", document, null, XPathResult.FIRST_ORDERED_NODE_TYPE, null).singleNodeValue.scrollIntoView(true);
Without any arguments.</msg>
<arg>document.evaluate("//*[contains(text(), '${option2}')]", document, null, XPathResult.FIRST_ORDERED_NODE_TYPE, null).singleNodeValue.scrollIntoView(true);</arg>
<doc>Executes the given JavaScript code with possible arguments.</doc>
<status status="PASS" start="2024-10-23T09:28:33.336916" elapsed="0.008991"/>
</kw>
<kw name="Wait Until Element Is Visible" owner="SeleniumLibrary">
<arg>xpath=//*[contains(text(), '${option2}')]</arg>
<arg>timeout=100s</arg>
<doc>Waits until the element ``locator`` is visible.</doc>
<status status="PASS" start="2024-10-23T09:28:33.346891" elapsed="0.038393"/>
</kw>
<kw name="Execute Javascript" owner="SeleniumLibrary">
<msg time="2024-10-23T09:28:33.386287" level="INFO">Executing JavaScript:
return document.evaluate("//*[contains(text(), 'PRIOS A-M Traçabilité')]", document, null, XPathResult.FIRST_ORDERED_NODE_TYPE, null).singleNodeValue;
Without any arguments.</msg>
<msg time="2024-10-23T09:28:33.398651" level="INFO">${element_found} = &lt;selenium.webdriver.remote.webelement.WebElement (session="863e61a965854a968b1f57a71e7e343e", element="f.819FF37DAA21F52B726612C8C2D7A509.d.4ED9A7DCEBF95FCFF689264288AED437.e.59")&gt;</msg>
<var>${element_found}</var>
<arg>return document.evaluate("//*[contains(text(), '${option2}')]", document, null, XPathResult.FIRST_ORDERED_NODE_TYPE, null).singleNodeValue;</arg>
<doc>Executes the given JavaScript code with possible arguments.</doc>
<status status="PASS" start="2024-10-23T09:28:33.385284" elapsed="0.013367"/>
</kw>
<kw name="Run Keyword If" owner="BuiltIn">
<kw name="Log" owner="BuiltIn">
<msg time="2024-10-23T09:28:33.399642" level="INFO">Option PRIOS A-M Traçabilité trouvée.</msg>
<arg>Option ${option2} trouvée.</arg>
<doc>Logs the given message with the given level.</doc>
<status status="PASS" start="2024-10-23T09:28:33.399642" elapsed="0.000000"/>
</kw>
<arg>'${element_found}' != 'None'</arg>
<arg>Log</arg>
<arg>Option ${option2} trouvée.</arg>
<doc>Runs the given keyword with the given arguments, if ``condition`` is true.</doc>
<status status="PASS" start="2024-10-23T09:28:33.398651" elapsed="0.000991"/>
</kw>
<kw name="Run Keyword If" owner="BuiltIn">
<arg>'${element_found}' == 'None'</arg>
<arg>Fail</arg>
<arg>Option ${option2} non trouvée.</arg>
<doc>Runs the given keyword with the given arguments, if ``condition`` is true.</doc>
<status status="PASS" start="2024-10-23T09:28:33.399642" elapsed="0.000995"/>
</kw>
<var name="${option2}">PRIOS A-M Traçabilité</var>
<status status="PASS" start="2024-10-23T09:28:33.336916" elapsed="0.063721"/>
</iter>
<iter>
<kw name="Log" owner="BuiltIn">
<msg time="2024-10-23T09:28:33.400637" level="INFO">Vérification de l'option : PRIOS A-M Evènements</msg>
<arg>Vérification de l'option : ${option2}</arg>
<doc>Logs the given message with the given level.</doc>
<status status="PASS" start="2024-10-23T09:28:33.400637" elapsed="0.000000"/>
</kw>
<kw name="Execute Javascript" owner="SeleniumLibrary">
<msg time="2024-10-23T09:28:33.401643" level="INFO">Executing JavaScript:
document.evaluate("//*[contains(text(), 'PRIOS A-M Evènements')]", document, null, XPathResult.FIRST_ORDERED_NODE_TYPE, null).singleNodeValue.scrollIntoView(true);
Without any arguments.</msg>
<arg>document.evaluate("//*[contains(text(), '${option2}')]", document, null, XPathResult.FIRST_ORDERED_NODE_TYPE, null).singleNodeValue.scrollIntoView(true);</arg>
<doc>Executes the given JavaScript code with possible arguments.</doc>
<status status="PASS" start="2024-10-23T09:28:33.401643" elapsed="0.009960"/>
</kw>
<kw name="Wait Until Element Is Visible" owner="SeleniumLibrary">
<arg>xpath=//*[contains(text(), '${option2}')]</arg>
<arg>timeout=100s</arg>
<doc>Waits until the element ``locator`` is visible.</doc>
<status status="PASS" start="2024-10-23T09:28:33.411603" elapsed="0.039589"/>
</kw>
<kw name="Execute Javascript" owner="SeleniumLibrary">
<msg time="2024-10-23T09:28:33.452786" level="INFO">Executing JavaScript:
return document.evaluate("//*[contains(text(), 'PRIOS A-M Evènements')]", document, null, XPathResult.FIRST_ORDERED_NODE_TYPE, null).singleNodeValue;
Without any arguments.</msg>
<msg time="2024-10-23T09:28:33.464307" level="INFO">${element_found} = &lt;selenium.webdriver.remote.webelement.WebElement (session="863e61a965854a968b1f57a71e7e343e", element="f.819FF37DAA21F52B726612C8C2D7A509.d.4ED9A7DCEBF95FCFF689264288AED437.e.60")&gt;</msg>
<var>${element_found}</var>
<arg>return document.evaluate("//*[contains(text(), '${option2}')]", document, null, XPathResult.FIRST_ORDERED_NODE_TYPE, null).singleNodeValue;</arg>
<doc>Executes the given JavaScript code with possible arguments.</doc>
<status status="PASS" start="2024-10-23T09:28:33.452234" elapsed="0.012073"/>
</kw>
<kw name="Run Keyword If" owner="BuiltIn">
<kw name="Log" owner="BuiltIn">
<msg time="2024-10-23T09:28:33.465353" level="INFO">Option PRIOS A-M Evènements trouvée.</msg>
<arg>Option ${option2} trouvée.</arg>
<doc>Logs the given message with the given level.</doc>
<status status="PASS" start="2024-10-23T09:28:33.465353" elapsed="0.000987"/>
</kw>
<arg>'${element_found}' != 'None'</arg>
<arg>Log</arg>
<arg>Option ${option2} trouvée.</arg>
<doc>Runs the given keyword with the given arguments, if ``condition`` is true.</doc>
<status status="PASS" start="2024-10-23T09:28:33.465353" elapsed="0.000987"/>
</kw>
<kw name="Run Keyword If" owner="BuiltIn">
<arg>'${element_found}' == 'None'</arg>
<arg>Fail</arg>
<arg>Option ${option2} non trouvée.</arg>
<doc>Runs the given keyword with the given arguments, if ``condition`` is true.</doc>
<status status="PASS" start="2024-10-23T09:28:33.466340" elapsed="0.000000"/>
</kw>
<var name="${option2}">PRIOS A-M Evènements</var>
<status status="PASS" start="2024-10-23T09:28:33.400637" elapsed="0.066723"/>
</iter>
<iter>
<kw name="Log" owner="BuiltIn">
<msg time="2024-10-23T09:28:33.467360" level="INFO">Vérification de l'option : PRIOS A-M Reporting</msg>
<arg>Vérification de l'option : ${option2}</arg>
<doc>Logs the given message with the given level.</doc>
<status status="PASS" start="2024-10-23T09:28:33.467360" elapsed="0.000940"/>
</kw>
<kw name="Execute Javascript" owner="SeleniumLibrary">
<msg time="2024-10-23T09:28:33.468300" level="INFO">Executing JavaScript:
document.evaluate("//*[contains(text(), 'PRIOS A-M Reporting')]", document, null, XPathResult.FIRST_ORDERED_NODE_TYPE, null).singleNodeValue.scrollIntoView(true);
Without any arguments.</msg>
<arg>document.evaluate("//*[contains(text(), '${option2}')]", document, null, XPathResult.FIRST_ORDERED_NODE_TYPE, null).singleNodeValue.scrollIntoView(true);</arg>
<doc>Executes the given JavaScript code with possible arguments.</doc>
<status status="PASS" start="2024-10-23T09:28:33.468300" elapsed="0.010880"/>
</kw>
<kw name="Wait Until Element Is Visible" owner="SeleniumLibrary">
<arg>xpath=//*[contains(text(), '${option2}')]</arg>
<arg>timeout=100s</arg>
<doc>Waits until the element ``locator`` is visible.</doc>
<status status="PASS" start="2024-10-23T09:28:33.479180" elapsed="0.035774"/>
</kw>
<kw name="Execute Javascript" owner="SeleniumLibrary">
<msg time="2024-10-23T09:28:33.516007" level="INFO">Executing JavaScript:
return document.evaluate("//*[contains(text(), 'PRIOS A-M Reporting')]", document, null, XPathResult.FIRST_ORDERED_NODE_TYPE, null).singleNodeValue;
Without any arguments.</msg>
<msg time="2024-10-23T09:28:33.525024" level="INFO">${element_found} = &lt;selenium.webdriver.remote.webelement.WebElement (session="863e61a965854a968b1f57a71e7e343e", element="f.819FF37DAA21F52B726612C8C2D7A509.d.4ED9A7DCEBF95FCFF689264288AED437.e.61")&gt;</msg>
<var>${element_found}</var>
<arg>return document.evaluate("//*[contains(text(), '${option2}')]", document, null, XPathResult.FIRST_ORDERED_NODE_TYPE, null).singleNodeValue;</arg>
<doc>Executes the given JavaScript code with possible arguments.</doc>
<status status="PASS" start="2024-10-23T09:28:33.514954" elapsed="0.010070"/>
</kw>
<kw name="Run Keyword If" owner="BuiltIn">
<kw name="Log" owner="BuiltIn">
<msg time="2024-10-23T09:28:33.526018" level="INFO">Option PRIOS A-M Reporting trouvée.</msg>
<arg>Option ${option2} trouvée.</arg>
<doc>Logs the given message with the given level.</doc>
<status status="PASS" start="2024-10-23T09:28:33.526018" elapsed="0.000000"/>
</kw>
<arg>'${element_found}' != 'None'</arg>
<arg>Log</arg>
<arg>Option ${option2} trouvée.</arg>
<doc>Runs the given keyword with the given arguments, if ``condition`` is true.</doc>
<status status="PASS" start="2024-10-23T09:28:33.526018" elapsed="0.000000"/>
</kw>
<kw name="Run Keyword If" owner="BuiltIn">
<arg>'${element_found}' == 'None'</arg>
<arg>Fail</arg>
<arg>Option ${option2} non trouvée.</arg>
<doc>Runs the given keyword with the given arguments, if ``condition`` is true.</doc>
<status status="PASS" start="2024-10-23T09:28:33.526018" elapsed="0.001002"/>
</kw>
<var name="${option2}">PRIOS A-M Reporting</var>
<status status="PASS" start="2024-10-23T09:28:33.467360" elapsed="0.059660"/>
</iter>
<iter>
<kw name="Log" owner="BuiltIn">
<msg time="2024-10-23T09:28:33.527020" level="INFO">Vérification de l'option : PRIOS A-M Logistique</msg>
<arg>Vérification de l'option : ${option2}</arg>
<doc>Logs the given message with the given level.</doc>
<status status="PASS" start="2024-10-23T09:28:33.527020" elapsed="0.000000"/>
</kw>
<kw name="Execute Javascript" owner="SeleniumLibrary">
<msg time="2024-10-23T09:28:33.528019" level="INFO">Executing JavaScript:
document.evaluate("//*[contains(text(), 'PRIOS A-M Logistique')]", document, null, XPathResult.FIRST_ORDERED_NODE_TYPE, null).singleNodeValue.scrollIntoView(true);
Without any arguments.</msg>
<arg>document.evaluate("//*[contains(text(), '${option2}')]", document, null, XPathResult.FIRST_ORDERED_NODE_TYPE, null).singleNodeValue.scrollIntoView(true);</arg>
<doc>Executes the given JavaScript code with possible arguments.</doc>
<status status="PASS" start="2024-10-23T09:28:33.527020" elapsed="0.009256"/>
</kw>
<kw name="Wait Until Element Is Visible" owner="SeleniumLibrary">
<arg>xpath=//*[contains(text(), '${option2}')]</arg>
<arg>timeout=100s</arg>
<doc>Waits until the element ``locator`` is visible.</doc>
<status status="PASS" start="2024-10-23T09:28:33.537277" elapsed="0.035817"/>
</kw>
<kw name="Execute Javascript" owner="SeleniumLibrary">
<msg time="2024-10-23T09:28:33.574092" level="INFO">Executing JavaScript:
return document.evaluate("//*[contains(text(), 'PRIOS A-M Logistique')]", document, null, XPathResult.FIRST_ORDERED_NODE_TYPE, null).singleNodeValue;
Without any arguments.</msg>
<msg time="2024-10-23T09:28:33.585461" level="INFO">${element_found} = &lt;selenium.webdriver.remote.webelement.WebElement (session="863e61a965854a968b1f57a71e7e343e", element="f.819FF37DAA21F52B726612C8C2D7A509.d.4ED9A7DCEBF95FCFF689264288AED437.e.62")&gt;</msg>
<var>${element_found}</var>
<arg>return document.evaluate("//*[contains(text(), '${option2}')]", document, null, XPathResult.FIRST_ORDERED_NODE_TYPE, null).singleNodeValue;</arg>
<doc>Executes the given JavaScript code with possible arguments.</doc>
<status status="PASS" start="2024-10-23T09:28:33.574092" elapsed="0.012371"/>
</kw>
<kw name="Run Keyword If" owner="BuiltIn">
<kw name="Log" owner="BuiltIn">
<msg time="2024-10-23T09:28:33.587451" level="INFO">Option PRIOS A-M Logistique trouvée.</msg>
<arg>Option ${option2} trouvée.</arg>
<doc>Logs the given message with the given level.</doc>
<status status="PASS" start="2024-10-23T09:28:33.586463" elapsed="0.000988"/>
</kw>
<arg>'${element_found}' != 'None'</arg>
<arg>Log</arg>
<arg>Option ${option2} trouvée.</arg>
<doc>Runs the given keyword with the given arguments, if ``condition`` is true.</doc>
<status status="PASS" start="2024-10-23T09:28:33.586463" elapsed="0.000988"/>
</kw>
<kw name="Run Keyword If" owner="BuiltIn">
<arg>'${element_found}' == 'None'</arg>
<arg>Fail</arg>
<arg>Option ${option2} non trouvée.</arg>
<doc>Runs the given keyword with the given arguments, if ``condition`` is true.</doc>
<status status="PASS" start="2024-10-23T09:28:33.587451" elapsed="0.001003"/>
</kw>
<var name="${option2}">PRIOS A-M Logistique</var>
<status status="PASS" start="2024-10-23T09:28:33.527020" elapsed="0.061434"/>
</iter>
<iter>
<kw name="Log" owner="BuiltIn">
<msg time="2024-10-23T09:28:33.588454" level="INFO">Vérification de l'option : PRIOS A-M Interfaces externes</msg>
<arg>Vérification de l'option : ${option2}</arg>
<doc>Logs the given message with the given level.</doc>
<status status="PASS" start="2024-10-23T09:28:33.588454" elapsed="0.000000"/>
</kw>
<kw name="Execute Javascript" owner="SeleniumLibrary">
<msg time="2024-10-23T09:28:33.589449" level="INFO">Executing JavaScript:
document.evaluate("//*[contains(text(), 'PRIOS A-M Interfaces externes')]", document, null, XPathResult.FIRST_ORDERED_NODE_TYPE, null).singleNodeValue.scrollIntoView(true);
Without any arguments.</msg>
<arg>document.evaluate("//*[contains(text(), '${option2}')]", document, null, XPathResult.FIRST_ORDERED_NODE_TYPE, null).singleNodeValue.scrollIntoView(true);</arg>
<doc>Executes the given JavaScript code with possible arguments.</doc>
<status status="PASS" start="2024-10-23T09:28:33.588454" elapsed="0.011099"/>
</kw>
<kw name="Wait Until Element Is Visible" owner="SeleniumLibrary">
<arg>xpath=//*[contains(text(), '${option2}')]</arg>
<arg>timeout=100s</arg>
<doc>Waits until the element ``locator`` is visible.</doc>
<status status="PASS" start="2024-10-23T09:28:33.599553" elapsed="0.034937"/>
</kw>
